<?xml version="1.0" encoding="UTF-8"?>
<robot generator="Robot 5.0.1 (Python 3.9.13 on win32)" generated="20230703 12:30:14.171" rpa="true" schemaversion="3">
<suite id="s1" name="Tasks" source="c:\Users\domib\Downloads\Robocorp Certification\Certificate_II\tasks.robot">
<test id="s1-t1" name="Minimal task" line="17">
<kw name="Log" library="BuiltIn">
<arg>Done.</arg>
<doc>Logs the given message with the given level.</doc>
<msg timestamp="20230703 12:30:18.491" level="INFO">Done.</msg>
<status status="PASS" starttime="20230703 12:30:18.488" endtime="20230703 12:30:18.494"/>
</kw>
<status status="PASS" starttime="20230703 12:30:18.484" endtime="20230703 12:30:18.496"/>
</test>
<test id="s1-t2" name="Create your own robot" line="20">
<kw name="Open the robots order web">
<kw name="Open Available Browser" library="RPA.Browser.Selenium">
<arg>https://robotsparebinindustries.com/#/robot-order</arg>
<doc>Attempts to open a browser on the user's device from a set of
supported browsers. Automatically downloads a corresponding webdriver
if none is already installed.</doc>
<msg timestamp="20230703 12:30:18.506" level="INFO">Creating an instance of the Chrome WebDriver.</msg>
<msg timestamp="20230703 12:30:18.518" level="INFO">====== WebDriver manager ======</msg>
<msg timestamp="20230703 12:30:21.224" level="INFO">Creating an instance of the Chrome WebDriver.</msg>
<msg timestamp="20230703 12:30:22.283" level="INFO">Created Chrome browser with arguments: --disable-dev-shm-usage --disable-web-security --allow-running-insecure-content --no-sandbox</msg>
<msg timestamp="20230703 12:30:22.284" level="INFO" html="true">&lt;p&gt;Attempted combinations:&lt;/p&gt;&lt;div class="doc"&gt;&lt;table&gt;&lt;tr&gt;&lt;th&gt;Browser&lt;/th&gt;&lt;th&gt;Download&lt;/th&gt;&lt;th&gt;Error&lt;/th&gt;&lt;/tr&gt;&lt;tr&gt;&lt;td&gt;Chrome&lt;/td&gt;&lt;td&gt;False&lt;/td&gt;&lt;td&gt;Message: 'chromedriver' executable needs to be in PATH. Please see https://chromedriver.chromium.org/home
&lt;/td&gt;&lt;/tr&gt;&lt;tr&gt;&lt;td&gt;Chrome&lt;/td&gt;&lt;td&gt;True&lt;/td&gt;&lt;td&gt;&lt;/td&gt;&lt;/tr&gt;&lt;/table&gt;&lt;/div&gt;</msg>
<msg timestamp="20230703 12:30:22.284" level="INFO">Opening url 'https://robotsparebinindustries.com/#/robot-order'</msg>
<status status="PASS" starttime="20230703 12:30:18.504" endtime="20230703 12:30:22.710"/>
</kw>
<status status="PASS" starttime="20230703 12:30:18.502" endtime="20230703 12:30:22.711"/>
</kw>
<kw name="Download the csv file">
<kw name="Download" library="RPA.HTTP">
<arg>https://robotsparebinindustries.com/orders.csv</arg>
<arg>overwrite=True</arg>
<doc>An alias for the ``HTTP Get`` keyword.</doc>
<msg timestamp="20230703 12:30:22.716" level="INFO">Creating a new HTTP session</msg>
<msg timestamp="20230703 12:30:22.717" level="INFO">Creating Session using : alias=rpasession_alias.httpsrobotsparebinindustries.com, url=https://robotsparebinindustries.com, headers={},                     cookies={}, auth=None, timeout=None, proxies=None, verify=True,                     debug=0 </msg>
<status status="PASS" starttime="20230703 12:30:22.714" endtime="20230703 12:30:23.023"/>
</kw>
<status status="PASS" starttime="20230703 12:30:22.712" endtime="20230703 12:30:23.024"/>
</kw>
<kw name="Read table from CSV" library="RPA.Tables">
<var>${orders}</var>
<arg>orders.csv</arg>
<doc>Read a CSV file as a table.</doc>
<msg timestamp="20230703 12:30:23.034" level="INFO">${orders} = Table(columns=['Order number', 'Head', 'Body', 'Legs', 'Address'], rows=20)</msg>
<status status="PASS" starttime="20230703 12:30:23.025" endtime="20230703 12:30:23.035"/>
</kw>
<kw name="Close annoying modal">
<kw name="Click Button" library="RPA.Browser.Selenium">
<arg>OK</arg>
<doc>Clicks the button identified by ``locator``.</doc>
<msg timestamp="20230703 12:30:23.039" level="INFO">Clicking button 'OK'.</msg>
<status status="PASS" starttime="20230703 12:30:23.038" endtime="20230703 12:30:23.119"/>
</kw>
<status status="PASS" starttime="20230703 12:30:23.036" endtime="20230703 12:30:23.120"/>
</kw>
<kw name="Fill in robo specs and submit">
<arg>${orders}</arg>
<for flavor="IN">
<var>${Order number}</var>
<value>@{orders}</value>
<iter>
<var name="${Order number}">{'Order number': '1', 'Head': '1', 'Body': '2', 'Legs': '3', 'Address': 'Address 123'}</var>
<kw name="Fill in robo specs and submit for one person">
<arg>${Order number}</arg>
<kw name="Sleep" library="BuiltIn">
<arg>1s</arg>
<doc>Pauses the test executed for the given time.</doc>
<msg timestamp="20230703 12:30:24.135" level="INFO">Slept 1 second</msg>
<status status="PASS" starttime="20230703 12:30:23.128" endtime="20230703 12:30:24.136"/>
</kw>
<kw name="Wait Until Element Is Visible" library="RPA.Browser.Selenium">
<arg>xpath://select[@id='head']</arg>
<doc>Waits until the element ``locator`` is visible.</doc>
<status status="PASS" starttime="20230703 12:30:24.137" endtime="20230703 12:30:24.168"/>
</kw>
<kw name="Select From List By Value" library="RPA.Browser.Selenium">
<arg>xpath://select[@id='head']</arg>
<arg>${Order number}[Head]</arg>
<doc>Selects options from selection list ``locator`` by ``values``.</doc>
<msg timestamp="20230703 12:30:24.172" level="INFO">Selecting options from selection list 'xpath://select[@id='head']' by value 1.</msg>
<status status="PASS" starttime="20230703 12:30:24.169" endtime="20230703 12:30:24.266"/>
</kw>
<kw name="Select Radio Button" library="RPA.Browser.Selenium">
<arg>body</arg>
<arg>${Order number}[Body]</arg>
<doc>Sets the radio button group ``group_name`` to ``value``.</doc>
<msg timestamp="20230703 12:30:24.269" level="INFO">Selecting '2' from radio button 'body'.</msg>
<status status="PASS" starttime="20230703 12:30:24.267" endtime="20230703 12:30:24.343"/>
</kw>
<kw name="Input Text" library="RPA.Browser.Selenium">
<arg>//input[@class='form-control' and @type='number']</arg>
<arg>${Order number}[Legs]</arg>
<doc>Types the given ``text`` into the text field identified by ``locator``.</doc>
<msg timestamp="20230703 12:30:24.347" level="INFO">Typing text '3' into text field '//input[@class='form-control' and @type='number']'.</msg>
<status status="PASS" starttime="20230703 12:30:24.344" endtime="20230703 12:30:24.444"/>
</kw>
<kw name="Input Text" library="RPA.Browser.Selenium">
<arg>//input[@class='form-control' and @type='text']</arg>
<arg>${Order number}[Address]</arg>
<doc>Types the given ``text`` into the text field identified by ``locator``.</doc>
<msg timestamp="20230703 12:30:24.448" level="INFO">Typing text 'Address 123' into text field '//input[@class='form-control' and @type='text']'.</msg>
<status status="PASS" starttime="20230703 12:30:24.445" endtime="20230703 12:30:24.552"/>
</kw>
<kw name="Place order">
<kw name="Click Button" library="RPA.Browser.Selenium">
<arg>id:order</arg>
<doc>Clicks the button identified by ``locator``.</doc>
<msg timestamp="20230703 12:30:24.555" level="INFO">Clicking button 'id:order'.</msg>
<status status="PASS" starttime="20230703 12:30:24.554" endtime="20230703 12:30:24.634"/>
</kw>
<for flavor="IN RANGE">
<var>${i}</var>
<value>9999999</value>
<iter>
<var name="${i}">0</var>
<kw name="Is Element Visible" library="RPA.Browser.Selenium">
<var>${success}</var>
<arg>id:receipt</arg>
<doc>Is element visible</doc>
<msg timestamp="20230703 12:30:24.821" level="INFO">Element 'id:receipt' is displayed.</msg>
<msg timestamp="20230703 12:30:24.821" level="INFO">${success} = True</msg>
<status status="PASS" starttime="20230703 12:30:24.794" endtime="20230703 12:30:24.822"/>
</kw>
<if>
<branch type="IF" condition="${success}">
<break>
<status status="PASS" starttime="20230703 12:30:24.824" endtime="20230703 12:30:24.825"/>
</break>
<status status="PASS" starttime="20230703 12:30:24.823" endtime="20230703 12:30:24.826"/>
</branch>
<status status="PASS" starttime="20230703 12:30:24.823" endtime="20230703 12:30:24.826"/>
</if>
<kw name="Click Button" library="RPA.Browser.Selenium">
<arg>id:order</arg>
<doc>Clicks the button identified by ``locator``.</doc>
<status status="NOT RUN" starttime="20230703 12:30:24.827" endtime="20230703 12:30:24.827"/>
</kw>
<status status="PASS" starttime="20230703 12:30:24.792" endtime="20230703 12:30:24.829"/>
</iter>
<status status="PASS" starttime="20230703 12:30:24.634" endtime="20230703 12:30:24.916"/>
</for>
<status status="PASS" starttime="20230703 12:30:24.553" endtime="20230703 12:30:24.917"/>
</kw>
<kw name="Export the table as a PDF">
<kw name="Wait Until Element Is Visible" library="RPA.Browser.Selenium">
<arg>id:receipt</arg>
<doc>Waits until the element ``locator`` is visible.</doc>
<status status="PASS" starttime="20230703 12:30:24.920" endtime="20230703 12:30:24.940"/>
</kw>
<kw name="Get Element Attribute" library="RPA.Browser.Selenium">
<var>${sales_results_html}</var>
<arg>id:receipt</arg>
<arg>outerHTML</arg>
<doc>Returns the value of ``attribute`` from the element ``locator``.</doc>
<msg timestamp="20230703 12:30:24.968" level="INFO">${sales_results_html} = &lt;div id="receipt" class="alert alert-success" role="alert"&gt;&lt;h3&gt;Receipt&lt;/h3&gt;&lt;div&gt;2023-07-03T10:30:24.623Z&lt;/div&gt;&lt;p class="badge badge-success"&gt;RSB-ROBO-ORDER-4108ZU1HZP&lt;/p&gt;&lt;p&gt;&lt;/p&gt;&lt;div id="parts" class="...</msg>
<status status="PASS" starttime="20230703 12:30:24.941" endtime="20230703 12:30:24.968"/>
</kw>
<kw name="Set Variable" library="BuiltIn">
<var>${pdf_filename}</var>
<arg>${OUTPUT_DIR}${/}receipt${counter}.pdf</arg>
<doc>Returns the given values which can then be assigned to a variables.</doc>
<msg timestamp="20230703 12:30:24.973" level="INFO">${pdf_filename} = C:\Users\domib\Downloads\Robocorp Certification\Certificate_II\receipt1.pdf</msg>
<status status="PASS" starttime="20230703 12:30:24.969" endtime="20230703 12:30:24.973"/>
</kw>
<kw name="Html To Pdf" library="RPA.PDF">
<arg>${sales_results_html}</arg>
<arg>${pdf_filename}</arg>
<doc>Generate a PDF file from HTML content.</doc>
<msg timestamp="20230703 12:30:24.977" level="INFO">Writing output to file C:\Users\domib\Downloads\Robocorp Certification\Certificate_II\receipt1.pdf</msg>
<msg timestamp="20230703 12:30:25.418" level="INFO">maxp pruned</msg>
<msg timestamp="20230703 12:30:25.419" level="INFO">cmap pruned</msg>
<msg timestamp="20230703 12:30:25.447" level="INFO">post pruned</msg>
<msg timestamp="20230703 12:30:25.455" level="INFO">GDEF dropped</msg>
<msg timestamp="20230703 12:30:25.456" level="INFO">GPOS dropped</msg>
<msg timestamp="20230703 12:30:25.457" level="INFO">GSUB dropped</msg>
<msg timestamp="20230703 12:30:25.466" level="INFO">name pruned</msg>
<msg timestamp="20230703 12:30:25.479" level="INFO">glyf pruned</msg>
<msg timestamp="20230703 12:30:25.480" level="INFO">Added gid0 to subset</msg>
<msg timestamp="20230703 12:30:25.480" level="INFO">Added first four glyphs to subset</msg>
<msg timestamp="20230703 12:30:25.481" level="INFO">Closing glyph list over 'glyf': 57 glyphs before</msg>
<msg timestamp="20230703 12:30:25.481" level="INFO">Glyph names: ['.notdef', '.null', 'uni0020', 'uni0021', 'uni002D', 'uni002E', 'uni0030', 'uni0031', 'uni0032', 'uni0033', 'uni0034', 'uni0035', 'uni0036', 'uni0037', 'uni0038', 'uni0039', 'uni003A', 'uni0041', 'uni0042', 'uni0044', 'uni0045', 'uni0048', 'uni004C', 'uni004F', 'uni0050', 'uni0052', 'uni0053', 'uni0054', 'uni0055', 'uni0057', 'uni0059', 'uni005A', 'uni0061', 'uni0062', 'uni0063', 'uni0064', 'uni0065', 'uni0066', 'uni0067', 'uni0068', 'uni0069', 'uni006B', 'uni006C', 'uni006D', 'uni006E', 'uni006F', 'uni0070', 'uni0072', 'uni0073', 'uni0074', 'uni0075', 'uni0076', 'uni0077', 'uni0079', 'uni007B', 'uni007D', 'uni00C4']</msg>
<msg timestamp="20230703 12:30:25.484" level="INFO">Glyph IDs:   [0, 1, 2, 3, 65, 84, 95, 161, 280, 320, 374, 382, 395, 409, 421, 456, 469, 493, 504, 575, 582, 594, 612, 645, 650, 660, 679, 715, 723, 752, 759, 775, 827, 837, 867, 884, 899, 932, 936, 950, 1294, 1295, 1296, 1298, 1299, 1300, 1302, 1303, 1304, 1305, 1329, 1345, 1346, 1361, 1404, 1407, 1681]</msg>
<msg timestamp="20230703 12:30:25.485" level="INFO">Closed glyph list over 'glyf': 57 glyphs after</msg>
<msg timestamp="20230703 12:30:25.486" level="INFO">Glyph names: ['.notdef', '.null', 'uni0020', 'uni0021', 'uni002D', 'uni002E', 'uni0030', 'uni0031', 'uni0032', 'uni0033', 'uni0034', 'uni0035', 'uni0036', 'uni0037', 'uni0038', 'uni0039', 'uni003A', 'uni0041', 'uni0042', 'uni0044', 'uni0045', 'uni0048', 'uni004C', 'uni004F', 'uni0050', 'uni0052', 'uni0053', 'uni0054', 'uni0055', 'uni0057', 'uni0059', 'uni005A', 'uni0061', 'uni0062', 'uni0063', 'uni0064', 'uni0065', 'uni0066', 'uni0067', 'uni0068', 'uni0069', 'uni006B', 'uni006C', 'uni006D', 'uni006E', 'uni006F', 'uni0070', 'uni0072', 'uni0073', 'uni0074', 'uni0075', 'uni0076', 'uni0077', 'uni0079', 'uni007B', 'uni007D', 'uni00C4']</msg>
<msg timestamp="20230703 12:30:25.487" level="INFO">Glyph IDs:   [0, 1, 2, 3, 65, 84, 95, 161, 280, 320, 374, 382, 395, 409, 421, 456, 469, 493, 504, 575, 582, 594, 612, 645, 650, 660, 679, 715, 723, 752, 759, 775, 827, 837, 867, 884, 899, 932, 936, 950, 1294, 1295, 1296, 1298, 1299, 1300, 1302, 1303, 1304, 1305, 1329, 1345, 1346, 1361, 1404, 1407, 1681]</msg>
<msg timestamp="20230703 12:30:25.488" level="INFO">Retaining 57 glyphs</msg>
<msg timestamp="20230703 12:30:25.489" level="INFO">head subsetting not needed</msg>
<msg timestamp="20230703 12:30:25.489" level="INFO">hhea subsetting not needed</msg>
<msg timestamp="20230703 12:30:25.490" level="INFO">maxp subsetting not needed</msg>
<msg timestamp="20230703 12:30:25.490" level="INFO">OS/2 subsetting not needed</msg>
<msg timestamp="20230703 12:30:25.494" level="INFO">hmtx subsetted</msg>
<msg timestamp="20230703 12:30:25.497" level="INFO">cmap subsetted</msg>
<msg timestamp="20230703 12:30:25.497" level="INFO">prep subsetting not needed</msg>
<msg timestamp="20230703 12:30:25.498" level="INFO">loca subsetting not needed</msg>
<msg timestamp="20230703 12:30:25.499" level="INFO">post subsetted</msg>
<msg timestamp="20230703 12:30:25.500" level="INFO">gasp subsetting not needed</msg>
<msg timestamp="20230703 12:30:25.500" level="INFO">STAT subsetting not needed</msg>
<msg timestamp="20230703 12:30:25.501" level="INFO">name subsetting not needed</msg>
<msg timestamp="20230703 12:30:25.502" level="INFO">glyf subsetted</msg>
<msg timestamp="20230703 12:30:25.504" level="INFO">head pruned</msg>
<msg timestamp="20230703 12:30:25.505" level="INFO">OS/2 Unicode ranges pruned: [0]</msg>
<msg timestamp="20230703 12:30:25.507" level="INFO">glyf pruned</msg>
<msg timestamp="20230703 12:30:25.582" level="INFO">maxp pruned</msg>
<msg timestamp="20230703 12:30:25.582" level="INFO">cmap pruned</msg>
<msg timestamp="20230703 12:30:25.583" level="INFO">post pruned</msg>
<msg timestamp="20230703 12:30:25.584" level="INFO">GDEF dropped</msg>
<msg timestamp="20230703 12:30:25.584" level="INFO">GPOS dropped</msg>
<msg timestamp="20230703 12:30:25.584" level="INFO">GSUB dropped</msg>
<msg timestamp="20230703 12:30:25.587" level="INFO">name pruned</msg>
<msg timestamp="20230703 12:30:25.599" level="INFO">glyf pruned</msg>
<msg timestamp="20230703 12:30:25.600" level="INFO">Added gid0 to subset</msg>
<msg timestamp="20230703 12:30:25.600" level="INFO">Added first four glyphs to subset</msg>
<msg timestamp="20230703 12:30:25.600" level="INFO">Closing glyph list over 'glyf': 19 glyphs before</msg>
<msg timestamp="20230703 12:30:25.601" level="INFO">Glyph names: ['.notdef', '.null', 'uni0020', 'uni0030', 'uni0031', 'uni0032', 'uni0033', 'uni0034', 'uni0035', 'uni0036', 'uni0037', 'uni0038', 'uni0039', 'uni0041', 'uni0062', 'uni006E', 'uni007B', 'uni007D', 'uni00C4']</msg>
<msg timestamp="20230703 12:30:25.602" level="INFO">Glyph IDs:   [0, 1, 2, 3, 575, 759, 1294, 1295, 1296, 1298, 1299, 1300, 1302, 1303, 1304, 1305, 1345, 1346, 1681]</msg>
<msg timestamp="20230703 12:30:25.603" level="INFO">Closed glyph list over 'glyf': 19 glyphs after</msg>
<msg timestamp="20230703 12:30:25.603" level="INFO">Glyph names: ['.notdef', '.null', 'uni0020', 'uni0030', 'uni0031', 'uni0032', 'uni0033', 'uni0034', 'uni0035', 'uni0036', 'uni0037', 'uni0038', 'uni0039', 'uni0041', 'uni0062', 'uni006E', 'uni007B', 'uni007D', 'uni00C4']</msg>
<msg timestamp="20230703 12:30:25.605" level="INFO">Glyph IDs:   [0, 1, 2, 3, 575, 759, 1294, 1295, 1296, 1298, 1299, 1300, 1302, 1303, 1304, 1305, 1345, 1346, 1681]</msg>
<msg timestamp="20230703 12:30:25.606" level="INFO">Retaining 19 glyphs</msg>
<msg timestamp="20230703 12:30:25.607" level="INFO">head subsetting not needed</msg>
<msg timestamp="20230703 12:30:25.607" level="INFO">hhea subsetting not needed</msg>
<msg timestamp="20230703 12:30:25.607" level="INFO">maxp subsetting not needed</msg>
<msg timestamp="20230703 12:30:25.609" level="INFO">OS/2 subsetting not needed</msg>
<msg timestamp="20230703 12:30:25.612" level="INFO">hmtx subsetted</msg>
<msg timestamp="20230703 12:30:25.615" level="INFO">cmap subsetted</msg>
<msg timestamp="20230703 12:30:25.616" level="INFO">prep subsetting not needed</msg>
<msg timestamp="20230703 12:30:25.616" level="INFO">loca subsetting not needed</msg>
<msg timestamp="20230703 12:30:25.617" level="INFO">post subsetted</msg>
<msg timestamp="20230703 12:30:25.617" level="INFO">gasp subsetting not needed</msg>
<msg timestamp="20230703 12:30:25.617" level="INFO">STAT subsetting not needed</msg>
<msg timestamp="20230703 12:30:25.618" level="INFO">name subsetting not needed</msg>
<msg timestamp="20230703 12:30:25.619" level="INFO">glyf subsetted</msg>
<msg timestamp="20230703 12:30:25.621" level="INFO">head pruned</msg>
<msg timestamp="20230703 12:30:25.622" level="INFO">OS/2 Unicode ranges pruned: [0]</msg>
<msg timestamp="20230703 12:30:25.624" level="INFO">glyf pruned</msg>
<msg timestamp="20230703 12:30:25.670" level="INFO">maxp pruned</msg>
<msg timestamp="20230703 12:30:25.670" level="INFO">cmap pruned</msg>
<msg timestamp="20230703 12:30:25.671" level="INFO">post pruned</msg>
<msg timestamp="20230703 12:30:25.671" level="INFO">GDEF dropped</msg>
<msg timestamp="20230703 12:30:25.672" level="INFO">GPOS dropped</msg>
<msg timestamp="20230703 12:30:25.672" level="INFO">GSUB dropped</msg>
<msg timestamp="20230703 12:30:25.673" level="INFO">name pruned</msg>
<msg timestamp="20230703 12:30:25.686" level="INFO">glyf pruned</msg>
<msg timestamp="20230703 12:30:25.691" level="INFO">Added gid0 to subset</msg>
<msg timestamp="20230703 12:30:25.692" level="INFO">Added first four glyphs to subset</msg>
<msg timestamp="20230703 12:30:25.692" level="INFO">Closing glyph list over 'glyf': 18 glyphs before</msg>
<msg timestamp="20230703 12:30:25.693" level="INFO">Glyph names: ['.notdef', '.null', 'uni0020', 'uni0030', 'uni0031', 'uni0032', 'uni0033', 'uni0034', 'uni0035', 'uni0036', 'uni0037', 'uni0038', 'uni0039', 'uni0062', 'uni006E', 'uni007B', 'uni007D', 'uni00A0']</msg>
<msg timestamp="20230703 12:30:25.694" level="INFO">Glyph IDs:   [0, 1, 2, 3, 544, 727, 1256, 1257, 1258, 1260, 1261, 1262, 1264, 1265, 1266, 1267, 1307, 1308]</msg>
<msg timestamp="20230703 12:30:25.694" level="INFO">Closed glyph list over 'glyf': 18 glyphs after</msg>
<msg timestamp="20230703 12:30:25.695" level="INFO">Glyph names: ['.notdef', '.null', 'uni0020', 'uni0030', 'uni0031', 'uni0032', 'uni0033', 'uni0034', 'uni0035', 'uni0036', 'uni0037', 'uni0038', 'uni0039', 'uni0062', 'uni006E', 'uni007B', 'uni007D', 'uni00A0']</msg>
<msg timestamp="20230703 12:30:25.696" level="INFO">Glyph IDs:   [0, 1, 2, 3, 544, 727, 1256, 1257, 1258, 1260, 1261, 1262, 1264, 1265, 1266, 1267, 1307, 1308]</msg>
<msg timestamp="20230703 12:30:25.697" level="INFO">Retaining 18 glyphs</msg>
<msg timestamp="20230703 12:30:25.698" level="INFO">head subsetting not needed</msg>
<msg timestamp="20230703 12:30:25.698" level="INFO">hhea subsetting not needed</msg>
<msg timestamp="20230703 12:30:25.699" level="INFO">maxp subsetting not needed</msg>
<msg timestamp="20230703 12:30:25.699" level="INFO">OS/2 subsetting not needed</msg>
<msg timestamp="20230703 12:30:25.702" level="INFO">hmtx subsetted</msg>
<msg timestamp="20230703 12:30:25.704" level="INFO">cmap subsetted</msg>
<msg timestamp="20230703 12:30:25.705" level="INFO">loca subsetting not needed</msg>
<msg timestamp="20230703 12:30:25.705" level="INFO">post subsetted</msg>
<msg timestamp="20230703 12:30:25.706" level="INFO">name subsetting not needed</msg>
<msg timestamp="20230703 12:30:25.707" level="INFO">glyf subsetted</msg>
<msg timestamp="20230703 12:30:25.709" level="INFO">head pruned</msg>
<msg timestamp="20230703 12:30:25.709" level="INFO">OS/2 Unicode ranges pruned: [0]</msg>
<msg timestamp="20230703 12:30:25.711" level="INFO">glyf pruned</msg>
<msg timestamp="20230703 12:30:25.749" level="INFO">maxp pruned</msg>
<msg timestamp="20230703 12:30:25.750" level="INFO">cmap pruned</msg>
<msg timestamp="20230703 12:30:25.751" level="INFO">post pruned</msg>
<msg timestamp="20230703 12:30:25.752" level="INFO">GDEF dropped</msg>
<msg timestamp="20230703 12:30:25.752" level="INFO">GPOS dropped</msg>
<msg timestamp="20230703 12:30:25.753" level="INFO">GSUB dropped</msg>
<msg timestamp="20230703 12:30:25.754" level="INFO">name pruned</msg>
<msg timestamp="20230703 12:30:25.766" level="INFO">glyf pruned</msg>
<msg timestamp="20230703 12:30:25.772" level="INFO">Added gid0 to subset</msg>
<msg timestamp="20230703 12:30:25.772" level="INFO">Added first four glyphs to subset</msg>
<msg timestamp="20230703 12:30:25.773" level="INFO">Closing glyph list over 'glyf': 18 glyphs before</msg>
<msg timestamp="20230703 12:30:25.773" level="INFO">Glyph names: ['.notdef', '.null', 'uni0020', 'uni0030', 'uni0031', 'uni0032', 'uni0033', 'uni0034', 'uni0035', 'uni0036', 'uni0037', 'uni0038', 'uni0039', 'uni0062', 'uni006E', 'uni007B', 'uni007D', 'uni00A0']</msg>
<msg timestamp="20230703 12:30:25.774" level="INFO">Glyph IDs:   [0, 1, 2, 3, 544, 727, 1256, 1257, 1258, 1260, 1261, 1262, 1264, 1265, 1266, 1267, 1307, 1308]</msg>
<msg timestamp="20230703 12:30:25.775" level="INFO">Closed glyph list over 'glyf': 18 glyphs after</msg>
<msg timestamp="20230703 12:30:25.776" level="INFO">Glyph names: ['.notdef', '.null', 'uni0020', 'uni0030', 'uni0031', 'uni0032', 'uni0033', 'uni0034', 'uni0035', 'uni0036', 'uni0037', 'uni0038', 'uni0039', 'uni0062', 'uni006E', 'uni007B', 'uni007D', 'uni00A0']</msg>
<msg timestamp="20230703 12:30:25.778" level="INFO">Glyph IDs:   [0, 1, 2, 3, 544, 727, 1256, 1257, 1258, 1260, 1261, 1262, 1264, 1265, 1266, 1267, 1307, 1308]</msg>
<msg timestamp="20230703 12:30:25.778" level="INFO">Retaining 18 glyphs</msg>
<msg timestamp="20230703 12:30:25.779" level="INFO">head subsetting not needed</msg>
<msg timestamp="20230703 12:30:25.780" level="INFO">hhea subsetting not needed</msg>
<msg timestamp="20230703 12:30:25.780" level="INFO">maxp subsetting not needed</msg>
<msg timestamp="20230703 12:30:25.781" level="INFO">OS/2 subsetting not needed</msg>
<msg timestamp="20230703 12:30:25.783" level="INFO">hmtx subsetted</msg>
<msg timestamp="20230703 12:30:25.785" level="INFO">cmap subsetted</msg>
<msg timestamp="20230703 12:30:25.786" level="INFO">loca subsetting not needed</msg>
<msg timestamp="20230703 12:30:25.786" level="INFO">post subsetted</msg>
<msg timestamp="20230703 12:30:25.787" level="INFO">name subsetting not needed</msg>
<msg timestamp="20230703 12:30:25.788" level="INFO">glyf subsetted</msg>
<msg timestamp="20230703 12:30:25.789" level="INFO">head pruned</msg>
<msg timestamp="20230703 12:30:25.792" level="INFO">OS/2 Unicode ranges pruned: [0]</msg>
<msg timestamp="20230703 12:30:25.794" level="INFO">glyf pruned</msg>
<status status="PASS" starttime="20230703 12:30:24.975" endtime="20230703 12:30:25.840"/>
</kw>
<kw name="Evaluate" library="BuiltIn">
<var>${counter}</var>
<arg>${counter} + 1</arg>
<doc>Evaluates the given expression in Python and returns the result.</doc>
<msg timestamp="20230703 12:30:25.845" level="INFO">${counter} = 2</msg>
<status status="PASS" starttime="20230703 12:30:25.842" endtime="20230703 12:30:25.846"/>
</kw>
<status status="PASS" starttime="20230703 12:30:24.918" endtime="20230703 12:30:25.847"/>
</kw>
<kw name="Click Button When Visible" library="RPA.Browser.Selenium">
<arg>xpath://button[@id='order-another']</arg>
<doc>Click button identified by ``locator``, once it becomes visible.</doc>
<msg timestamp="20230703 12:30:25.884" level="INFO">Clicking button 'xpath://button[@id='order-another']'.</msg>
<status status="PASS" starttime="20230703 12:30:25.849" endtime="20230703 12:30:26.008"/>
</kw>
<kw name="Sleep" library="BuiltIn">
<arg>1s</arg>
<doc>Pauses the test executed for the given time.</doc>
<msg timestamp="20230703 12:30:27.019" level="INFO">Slept 1 second</msg>
<status status="PASS" starttime="20230703 12:30:26.009" endtime="20230703 12:30:27.020"/>
</kw>
<kw name="Close annoying modal">
<kw name="Click Button" library="RPA.Browser.Selenium">
<arg>OK</arg>
<doc>Clicks the button identified by ``locator``.</doc>
<msg timestamp="20230703 12:30:27.024" level="INFO">Clicking button 'OK'.</msg>
<status status="PASS" starttime="20230703 12:30:27.022" endtime="20230703 12:30:27.081"/>
</kw>
<status status="PASS" starttime="20230703 12:30:27.021" endtime="20230703 12:30:27.083"/>
</kw>
<status status="PASS" starttime="20230703 12:30:23.126" endtime="20230703 12:30:27.084"/>
</kw>
<status status="PASS" starttime="20230703 12:30:23.125" endtime="20230703 12:30:27.085"/>
</iter>
<iter>
<var name="${Order number}">{'Order number': '2', 'Head': '4', 'Body': '1', 'Legs': '5', 'Address': 'Address 456'}</var>
<kw name="Fill in robo specs and submit for one person">
<arg>${Order number}</arg>
<kw name="Sleep" library="BuiltIn">
<arg>1s</arg>
<doc>Pauses the test executed for the given time.</doc>
<msg timestamp="20230703 12:30:28.106" level="INFO">Slept 1 second</msg>
<status status="PASS" starttime="20230703 12:30:27.090" endtime="20230703 12:30:28.107"/>
</kw>
<kw name="Wait Until Element Is Visible" library="RPA.Browser.Selenium">
<arg>xpath://select[@id='head']</arg>
<doc>Waits until the element ``locator`` is visible.</doc>
<status status="PASS" starttime="20230703 12:30:28.108" endtime="20230703 12:30:28.133"/>
</kw>
<kw name="Select From List By Value" library="RPA.Browser.Selenium">
<arg>xpath://select[@id='head']</arg>
<arg>${Order number}[Head]</arg>
<doc>Selects options from selection list ``locator`` by ``values``.</doc>
<msg timestamp="20230703 12:30:28.135" level="INFO">Selecting options from selection list 'xpath://select[@id='head']' by value 4.</msg>
<status status="PASS" starttime="20230703 12:30:28.133" endtime="20230703 12:30:28.223"/>
</kw>
<kw name="Select Radio Button" library="RPA.Browser.Selenium">
<arg>body</arg>
<arg>${Order number}[Body]</arg>
<doc>Sets the radio button group ``group_name`` to ``value``.</doc>
<msg timestamp="20230703 12:30:28.225" level="INFO">Selecting '1' from radio button 'body'.</msg>
<status status="PASS" starttime="20230703 12:30:28.224" endtime="20230703 12:30:28.284"/>
</kw>
<kw name="Input Text" library="RPA.Browser.Selenium">
<arg>//input[@class='form-control' and @type='number']</arg>
<arg>${Order number}[Legs]</arg>
<doc>Types the given ``text`` into the text field identified by ``locator``.</doc>
<msg timestamp="20230703 12:30:28.287" level="INFO">Typing text '5' into text field '//input[@class='form-control' and @type='number']'.</msg>
<status status="PASS" starttime="20230703 12:30:28.285" endtime="20230703 12:30:28.369"/>
</kw>
<kw name="Input Text" library="RPA.Browser.Selenium">
<arg>//input[@class='form-control' and @type='text']</arg>
<arg>${Order number}[Address]</arg>
<doc>Types the given ``text`` into the text field identified by ``locator``.</doc>
<msg timestamp="20230703 12:30:28.372" level="INFO">Typing text 'Address 456' into text field '//input[@class='form-control' and @type='text']'.</msg>
<status status="PASS" starttime="20230703 12:30:28.370" endtime="20230703 12:30:28.456"/>
</kw>
<kw name="Place order">
<kw name="Click Button" library="RPA.Browser.Selenium">
<arg>id:order</arg>
<doc>Clicks the button identified by ``locator``.</doc>
<msg timestamp="20230703 12:30:28.459" level="INFO">Clicking button 'id:order'.</msg>
<status status="PASS" starttime="20230703 12:30:28.458" endtime="20230703 12:30:28.523"/>
</kw>
<for flavor="IN RANGE">
<var>${i}</var>
<value>9999999</value>
<iter>
<var name="${i}">0</var>
<kw name="Is Element Visible" library="RPA.Browser.Selenium">
<var>${success}</var>
<arg>id:receipt</arg>
<doc>Is element visible</doc>
<msg timestamp="20230703 12:30:28.694" level="INFO">Element 'id:receipt' is displayed.</msg>
<msg timestamp="20230703 12:30:28.695" level="INFO">${success} = True</msg>
<status status="PASS" starttime="20230703 12:30:28.670" endtime="20230703 12:30:28.695"/>
</kw>
<if>
<branch type="IF" condition="${success}">
<break>
<status status="PASS" starttime="20230703 12:30:28.697" endtime="20230703 12:30:28.698"/>
</break>
<status status="PASS" starttime="20230703 12:30:28.696" endtime="20230703 12:30:28.698"/>
</branch>
<status status="PASS" starttime="20230703 12:30:28.696" endtime="20230703 12:30:28.699"/>
</if>
<kw name="Click Button" library="RPA.Browser.Selenium">
<arg>id:order</arg>
<doc>Clicks the button identified by ``locator``.</doc>
<status status="NOT RUN" starttime="20230703 12:30:28.699" endtime="20230703 12:30:28.700"/>
</kw>
<status status="PASS" starttime="20230703 12:30:28.669" endtime="20230703 12:30:28.700"/>
</iter>
<status status="PASS" starttime="20230703 12:30:28.523" endtime="20230703 12:30:28.781"/>
</for>
<status status="PASS" starttime="20230703 12:30:28.456" endtime="20230703 12:30:28.782"/>
</kw>
<kw name="Export the table as a PDF">
<kw name="Wait Until Element Is Visible" library="RPA.Browser.Selenium">
<arg>id:receipt</arg>
<doc>Waits until the element ``locator`` is visible.</doc>
<status status="PASS" starttime="20230703 12:30:28.785" endtime="20230703 12:30:28.806"/>
</kw>
<kw name="Get Element Attribute" library="RPA.Browser.Selenium">
<var>${sales_results_html}</var>
<arg>id:receipt</arg>
<arg>outerHTML</arg>
<doc>Returns the value of ``attribute`` from the element ``locator``.</doc>
<msg timestamp="20230703 12:30:28.831" level="INFO">${sales_results_html} = &lt;div id="receipt" class="alert alert-success" role="alert"&gt;&lt;h3&gt;Receipt&lt;/h3&gt;&lt;div&gt;2023-07-03T10:30:28.517Z&lt;/div&gt;&lt;p class="badge badge-success"&gt;RSB-ROBO-ORDER-VZPQODWWB&lt;/p&gt;&lt;p&gt;&lt;/p&gt;&lt;div id="parts" class="a...</msg>
<status status="PASS" starttime="20230703 12:30:28.807" endtime="20230703 12:30:28.831"/>
</kw>
<kw name="Set Variable" library="BuiltIn">
<var>${pdf_filename}</var>
<arg>${OUTPUT_DIR}${/}receipt${counter}.pdf</arg>
<doc>Returns the given values which can then be assigned to a variables.</doc>
<msg timestamp="20230703 12:30:28.835" level="INFO">${pdf_filename} = C:\Users\domib\Downloads\Robocorp Certification\Certificate_II\receipt1.pdf</msg>
<status status="PASS" starttime="20230703 12:30:28.832" endtime="20230703 12:30:28.835"/>
</kw>
<kw name="Html To Pdf" library="RPA.PDF">
<arg>${sales_results_html}</arg>
<arg>${pdf_filename}</arg>
<doc>Generate a PDF file from HTML content.</doc>
<msg timestamp="20230703 12:30:28.838" level="INFO">Writing output to file C:\Users\domib\Downloads\Robocorp Certification\Certificate_II\receipt1.pdf</msg>
<msg timestamp="20230703 12:30:29.173" level="INFO">maxp pruned</msg>
<msg timestamp="20230703 12:30:29.174" level="INFO">cmap pruned</msg>
<msg timestamp="20230703 12:30:29.175" level="INFO">post pruned</msg>
<msg timestamp="20230703 12:30:29.175" level="INFO">GDEF dropped</msg>
<msg timestamp="20230703 12:30:29.175" level="INFO">GPOS dropped</msg>
<msg timestamp="20230703 12:30:29.176" level="INFO">GSUB dropped</msg>
<msg timestamp="20230703 12:30:29.181" level="INFO">name pruned</msg>
<msg timestamp="20230703 12:30:29.194" level="INFO">glyf pruned</msg>
<msg timestamp="20230703 12:30:29.195" level="INFO">Added gid0 to subset</msg>
<msg timestamp="20230703 12:30:29.196" level="INFO">Added first four glyphs to subset</msg>
<msg timestamp="20230703 12:30:29.197" level="INFO">Closing glyph list over 'glyf': 58 glyphs before</msg>
<msg timestamp="20230703 12:30:29.198" level="INFO">Glyph names: ['.notdef', '.null', 'uni0020', 'uni0021', 'uni002D', 'uni002E', 'uni0030', 'uni0031', 'uni0032', 'uni0033', 'uni0034', 'uni0035', 'uni0036', 'uni0037', 'uni0038', 'uni0039', 'uni003A', 'uni0041', 'uni0042', 'uni0044', 'uni0045', 'uni0048', 'uni004C', 'uni004F', 'uni0050', 'uni0051', 'uni0052', 'uni0053', 'uni0054', 'uni0056', 'uni0057', 'uni0059', 'uni005A', 'uni0061', 'uni0062', 'uni0063', 'uni0064', 'uni0065', 'uni0066', 'uni0067', 'uni0068', 'uni0069', 'uni006B', 'uni006C', 'uni006D', 'uni006E', 'uni006F', 'uni0070', 'uni0072', 'uni0073', 'uni0074', 'uni0075', 'uni0076', 'uni0077', 'uni0079', 'uni007B', 'uni007D', 'uni00C4']</msg>
<msg timestamp="20230703 12:30:29.201" level="INFO">Glyph IDs:   [0, 1, 2, 3, 65, 84, 95, 161, 280, 320, 374, 381, 382, 395, 409, 453, 456, 469, 493, 504, 575, 582, 594, 612, 645, 650, 660, 679, 715, 723, 752, 759, 775, 827, 837, 867, 884, 899, 932, 936, 950, 1294, 1295, 1296, 1298, 1299, 1300, 1302, 1303, 1304, 1305, 1329, 1345, 1346, 1361, 1404, 1407, 1681]</msg>
<msg timestamp="20230703 12:30:29.203" level="INFO">Closed glyph list over 'glyf': 58 glyphs after</msg>
<msg timestamp="20230703 12:30:29.204" level="INFO">Glyph names: ['.notdef', '.null', 'uni0020', 'uni0021', 'uni002D', 'uni002E', 'uni0030', 'uni0031', 'uni0032', 'uni0033', 'uni0034', 'uni0035', 'uni0036', 'uni0037', 'uni0038', 'uni0039', 'uni003A', 'uni0041', 'uni0042', 'uni0044', 'uni0045', 'uni0048', 'uni004C', 'uni004F', 'uni0050', 'uni0051', 'uni0052', 'uni0053', 'uni0054', 'uni0056', 'uni0057', 'uni0059', 'uni005A', 'uni0061', 'uni0062', 'uni0063', 'uni0064', 'uni0065', 'uni0066', 'uni0067', 'uni0068', 'uni0069', 'uni006B', 'uni006C', 'uni006D', 'uni006E', 'uni006F', 'uni0070', 'uni0072', 'uni0073', 'uni0074', 'uni0075', 'uni0076', 'uni0077', 'uni0079', 'uni007B', 'uni007D', 'uni00C4']</msg>
<msg timestamp="20230703 12:30:29.206" level="INFO">Glyph IDs:   [0, 1, 2, 3, 65, 84, 95, 161, 280, 320, 374, 381, 382, 395, 409, 453, 456, 469, 493, 504, 575, 582, 594, 612, 645, 650, 660, 679, 715, 723, 752, 759, 775, 827, 837, 867, 884, 899, 932, 936, 950, 1294, 1295, 1296, 1298, 1299, 1300, 1302, 1303, 1304, 1305, 1329, 1345, 1346, 1361, 1404, 1407, 1681]</msg>
<msg timestamp="20230703 12:30:29.207" level="INFO">Retaining 58 glyphs</msg>
<msg timestamp="20230703 12:30:29.210" level="INFO">head subsetting not needed</msg>
<msg timestamp="20230703 12:30:29.211" level="INFO">hhea subsetting not needed</msg>
<msg timestamp="20230703 12:30:29.212" level="INFO">maxp subsetting not needed</msg>
<msg timestamp="20230703 12:30:29.212" level="INFO">OS/2 subsetting not needed</msg>
<msg timestamp="20230703 12:30:29.217" level="INFO">hmtx subsetted</msg>
<msg timestamp="20230703 12:30:29.219" level="INFO">cmap subsetted</msg>
<msg timestamp="20230703 12:30:29.220" level="INFO">prep subsetting not needed</msg>
<msg timestamp="20230703 12:30:29.221" level="INFO">loca subsetting not needed</msg>
<msg timestamp="20230703 12:30:29.221" level="INFO">post subsetted</msg>
<msg timestamp="20230703 12:30:29.222" level="INFO">gasp subsetting not needed</msg>
<msg timestamp="20230703 12:30:29.223" level="INFO">STAT subsetting not needed</msg>
<msg timestamp="20230703 12:30:29.224" level="INFO">name subsetting not needed</msg>
<msg timestamp="20230703 12:30:29.226" level="INFO">glyf subsetted</msg>
<msg timestamp="20230703 12:30:29.228" level="INFO">head pruned</msg>
<msg timestamp="20230703 12:30:29.229" level="INFO">OS/2 Unicode ranges pruned: [0]</msg>
<msg timestamp="20230703 12:30:29.234" level="INFO">glyf pruned</msg>
<msg timestamp="20230703 12:30:29.316" level="INFO">maxp pruned</msg>
<msg timestamp="20230703 12:30:29.317" level="INFO">cmap pruned</msg>
<msg timestamp="20230703 12:30:29.318" level="INFO">post pruned</msg>
<msg timestamp="20230703 12:30:29.318" level="INFO">GDEF dropped</msg>
<msg timestamp="20230703 12:30:29.319" level="INFO">GPOS dropped</msg>
<msg timestamp="20230703 12:30:29.319" level="INFO">GSUB dropped</msg>
<msg timestamp="20230703 12:30:29.322" level="INFO">name pruned</msg>
<msg timestamp="20230703 12:30:29.334" level="INFO">glyf pruned</msg>
<msg timestamp="20230703 12:30:29.336" level="INFO">Added gid0 to subset</msg>
<msg timestamp="20230703 12:30:29.337" level="INFO">Added first four glyphs to subset</msg>
<msg timestamp="20230703 12:30:29.337" level="INFO">Closing glyph list over 'glyf': 19 glyphs before</msg>
<msg timestamp="20230703 12:30:29.338" level="INFO">Glyph names: ['.notdef', '.null', 'uni0020', 'uni0030', 'uni0031', 'uni0032', 'uni0033', 'uni0034', 'uni0035', 'uni0036', 'uni0037', 'uni0038', 'uni0039', 'uni0041', 'uni0062', 'uni006E', 'uni007B', 'uni007D', 'uni00C4']</msg>
<msg timestamp="20230703 12:30:29.339" level="INFO">Glyph IDs:   [0, 1, 2, 3, 575, 759, 1294, 1295, 1296, 1298, 1299, 1300, 1302, 1303, 1304, 1305, 1345, 1346, 1681]</msg>
<msg timestamp="20230703 12:30:29.340" level="INFO">Closed glyph list over 'glyf': 19 glyphs after</msg>
<msg timestamp="20230703 12:30:29.340" level="INFO">Glyph names: ['.notdef', '.null', 'uni0020', 'uni0030', 'uni0031', 'uni0032', 'uni0033', 'uni0034', 'uni0035', 'uni0036', 'uni0037', 'uni0038', 'uni0039', 'uni0041', 'uni0062', 'uni006E', 'uni007B', 'uni007D', 'uni00C4']</msg>
<msg timestamp="20230703 12:30:29.341" level="INFO">Glyph IDs:   [0, 1, 2, 3, 575, 759, 1294, 1295, 1296, 1298, 1299, 1300, 1302, 1303, 1304, 1305, 1345, 1346, 1681]</msg>
<msg timestamp="20230703 12:30:29.342" level="INFO">Retaining 19 glyphs</msg>
<msg timestamp="20230703 12:30:29.343" level="INFO">head subsetting not needed</msg>
<msg timestamp="20230703 12:30:29.344" level="INFO">hhea subsetting not needed</msg>
<msg timestamp="20230703 12:30:29.344" level="INFO">maxp subsetting not needed</msg>
<msg timestamp="20230703 12:30:29.345" level="INFO">OS/2 subsetting not needed</msg>
<msg timestamp="20230703 12:30:29.348" level="INFO">hmtx subsetted</msg>
<msg timestamp="20230703 12:30:29.350" level="INFO">cmap subsetted</msg>
<msg timestamp="20230703 12:30:29.350" level="INFO">prep subsetting not needed</msg>
<msg timestamp="20230703 12:30:29.351" level="INFO">loca subsetting not needed</msg>
<msg timestamp="20230703 12:30:29.351" level="INFO">post subsetted</msg>
<msg timestamp="20230703 12:30:29.352" level="INFO">gasp subsetting not needed</msg>
<msg timestamp="20230703 12:30:29.352" level="INFO">STAT subsetting not needed</msg>
<msg timestamp="20230703 12:30:29.353" level="INFO">name subsetting not needed</msg>
<msg timestamp="20230703 12:30:29.354" level="INFO">glyf subsetted</msg>
<msg timestamp="20230703 12:30:29.356" level="INFO">head pruned</msg>
<msg timestamp="20230703 12:30:29.357" level="INFO">OS/2 Unicode ranges pruned: [0]</msg>
<msg timestamp="20230703 12:30:29.358" level="INFO">glyf pruned</msg>
<msg timestamp="20230703 12:30:29.403" level="INFO">maxp pruned</msg>
<msg timestamp="20230703 12:30:29.404" level="INFO">cmap pruned</msg>
<msg timestamp="20230703 12:30:29.404" level="INFO">post pruned</msg>
<msg timestamp="20230703 12:30:29.405" level="INFO">GDEF dropped</msg>
<msg timestamp="20230703 12:30:29.405" level="INFO">GPOS dropped</msg>
<msg timestamp="20230703 12:30:29.405" level="INFO">GSUB dropped</msg>
<msg timestamp="20230703 12:30:29.406" level="INFO">name pruned</msg>
<msg timestamp="20230703 12:30:29.418" level="INFO">glyf pruned</msg>
<msg timestamp="20230703 12:30:29.423" level="INFO">Added gid0 to subset</msg>
<msg timestamp="20230703 12:30:29.425" level="INFO">Added first four glyphs to subset</msg>
<msg timestamp="20230703 12:30:29.425" level="INFO">Closing glyph list over 'glyf': 18 glyphs before</msg>
<msg timestamp="20230703 12:30:29.426" level="INFO">Glyph names: ['.notdef', '.null', 'uni0020', 'uni0030', 'uni0031', 'uni0032', 'uni0033', 'uni0034', 'uni0035', 'uni0036', 'uni0037', 'uni0038', 'uni0039', 'uni0062', 'uni006E', 'uni007B', 'uni007D', 'uni00A0']</msg>
<msg timestamp="20230703 12:30:29.427" level="INFO">Glyph IDs:   [0, 1, 2, 3, 544, 727, 1256, 1257, 1258, 1260, 1261, 1262, 1264, 1265, 1266, 1267, 1307, 1308]</msg>
<msg timestamp="20230703 12:30:29.428" level="INFO">Closed glyph list over 'glyf': 18 glyphs after</msg>
<msg timestamp="20230703 12:30:29.428" level="INFO">Glyph names: ['.notdef', '.null', 'uni0020', 'uni0030', 'uni0031', 'uni0032', 'uni0033', 'uni0034', 'uni0035', 'uni0036', 'uni0037', 'uni0038', 'uni0039', 'uni0062', 'uni006E', 'uni007B', 'uni007D', 'uni00A0']</msg>
<msg timestamp="20230703 12:30:29.430" level="INFO">Glyph IDs:   [0, 1, 2, 3, 544, 727, 1256, 1257, 1258, 1260, 1261, 1262, 1264, 1265, 1266, 1267, 1307, 1308]</msg>
<msg timestamp="20230703 12:30:29.430" level="INFO">Retaining 18 glyphs</msg>
<msg timestamp="20230703 12:30:29.431" level="INFO">head subsetting not needed</msg>
<msg timestamp="20230703 12:30:29.432" level="INFO">hhea subsetting not needed</msg>
<msg timestamp="20230703 12:30:29.432" level="INFO">maxp subsetting not needed</msg>
<msg timestamp="20230703 12:30:29.432" level="INFO">OS/2 subsetting not needed</msg>
<msg timestamp="20230703 12:30:29.436" level="INFO">hmtx subsetted</msg>
<msg timestamp="20230703 12:30:29.438" level="INFO">cmap subsetted</msg>
<msg timestamp="20230703 12:30:29.438" level="INFO">loca subsetting not needed</msg>
<msg timestamp="20230703 12:30:29.440" level="INFO">post subsetted</msg>
<msg timestamp="20230703 12:30:29.440" level="INFO">name subsetting not needed</msg>
<msg timestamp="20230703 12:30:29.442" level="INFO">glyf subsetted</msg>
<msg timestamp="20230703 12:30:29.443" level="INFO">head pruned</msg>
<msg timestamp="20230703 12:30:29.444" level="INFO">OS/2 Unicode ranges pruned: [0]</msg>
<msg timestamp="20230703 12:30:29.446" level="INFO">glyf pruned</msg>
<msg timestamp="20230703 12:30:29.491" level="INFO">maxp pruned</msg>
<msg timestamp="20230703 12:30:29.492" level="INFO">cmap pruned</msg>
<msg timestamp="20230703 12:30:29.493" level="INFO">post pruned</msg>
<msg timestamp="20230703 12:30:29.493" level="INFO">GDEF dropped</msg>
<msg timestamp="20230703 12:30:29.494" level="INFO">GPOS dropped</msg>
<msg timestamp="20230703 12:30:29.494" level="INFO">GSUB dropped</msg>
<msg timestamp="20230703 12:30:29.496" level="INFO">name pruned</msg>
<msg timestamp="20230703 12:30:29.507" level="INFO">glyf pruned</msg>
<msg timestamp="20230703 12:30:29.513" level="INFO">Added gid0 to subset</msg>
<msg timestamp="20230703 12:30:29.513" level="INFO">Added first four glyphs to subset</msg>
<msg timestamp="20230703 12:30:29.514" level="INFO">Closing glyph list over 'glyf': 18 glyphs before</msg>
<msg timestamp="20230703 12:30:29.514" level="INFO">Glyph names: ['.notdef', '.null', 'uni0020', 'uni0030', 'uni0031', 'uni0032', 'uni0033', 'uni0034', 'uni0035', 'uni0036', 'uni0037', 'uni0038', 'uni0039', 'uni0062', 'uni006E', 'uni007B', 'uni007D', 'uni00A0']</msg>
<msg timestamp="20230703 12:30:29.515" level="INFO">Glyph IDs:   [0, 1, 2, 3, 544, 727, 1256, 1257, 1258, 1260, 1261, 1262, 1264, 1265, 1266, 1267, 1307, 1308]</msg>
<msg timestamp="20230703 12:30:29.516" level="INFO">Closed glyph list over 'glyf': 18 glyphs after</msg>
<msg timestamp="20230703 12:30:29.518" level="INFO">Glyph names: ['.notdef', '.null', 'uni0020', 'uni0030', 'uni0031', 'uni0032', 'uni0033', 'uni0034', 'uni0035', 'uni0036', 'uni0037', 'uni0038', 'uni0039', 'uni0062', 'uni006E', 'uni007B', 'uni007D', 'uni00A0']</msg>
<msg timestamp="20230703 12:30:29.519" level="INFO">Glyph IDs:   [0, 1, 2, 3, 544, 727, 1256, 1257, 1258, 1260, 1261, 1262, 1264, 1265, 1266, 1267, 1307, 1308]</msg>
<msg timestamp="20230703 12:30:29.520" level="INFO">Retaining 18 glyphs</msg>
<msg timestamp="20230703 12:30:29.521" level="INFO">head subsetting not needed</msg>
<msg timestamp="20230703 12:30:29.521" level="INFO">hhea subsetting not needed</msg>
<msg timestamp="20230703 12:30:29.522" level="INFO">maxp subsetting not needed</msg>
<msg timestamp="20230703 12:30:29.522" level="INFO">OS/2 subsetting not needed</msg>
<msg timestamp="20230703 12:30:29.526" level="INFO">hmtx subsetted</msg>
<msg timestamp="20230703 12:30:29.528" level="INFO">cmap subsetted</msg>
<msg timestamp="20230703 12:30:29.529" level="INFO">loca subsetting not needed</msg>
<msg timestamp="20230703 12:30:29.529" level="INFO">post subsetted</msg>
<msg timestamp="20230703 12:30:29.530" level="INFO">name subsetting not needed</msg>
<msg timestamp="20230703 12:30:29.531" level="INFO">glyf subsetted</msg>
<msg timestamp="20230703 12:30:29.532" level="INFO">head pruned</msg>
<msg timestamp="20230703 12:30:29.535" level="INFO">OS/2 Unicode ranges pruned: [0]</msg>
<msg timestamp="20230703 12:30:29.536" level="INFO">glyf pruned</msg>
<status status="PASS" starttime="20230703 12:30:28.836" endtime="20230703 12:30:29.573"/>
</kw>
<kw name="Evaluate" library="BuiltIn">
<var>${counter}</var>
<arg>${counter} + 1</arg>
<doc>Evaluates the given expression in Python and returns the result.</doc>
<msg timestamp="20230703 12:30:29.577" level="INFO">${counter} = 2</msg>
<status status="PASS" starttime="20230703 12:30:29.574" endtime="20230703 12:30:29.578"/>
</kw>
<status status="PASS" starttime="20230703 12:30:28.783" endtime="20230703 12:30:29.580"/>
</kw>
<kw name="Click Button When Visible" library="RPA.Browser.Selenium">
<arg>xpath://button[@id='order-another']</arg>
<doc>Click button identified by ``locator``, once it becomes visible.</doc>
<msg timestamp="20230703 12:30:29.606" level="INFO">Clicking button 'xpath://button[@id='order-another']'.</msg>
<status status="PASS" starttime="20230703 12:30:29.581" endtime="20230703 12:30:29.718"/>
</kw>
<kw name="Sleep" library="BuiltIn">
<arg>1s</arg>
<doc>Pauses the test executed for the given time.</doc>
<msg timestamp="20230703 12:30:30.734" level="INFO">Slept 1 second</msg>
<status status="PASS" starttime="20230703 12:30:29.719" endtime="20230703 12:30:30.735"/>
</kw>
<kw name="Close annoying modal">
<kw name="Click Button" library="RPA.Browser.Selenium">
<arg>OK</arg>
<doc>Clicks the button identified by ``locator``.</doc>
<msg timestamp="20230703 12:30:30.738" level="INFO">Clicking button 'OK'.</msg>
<status status="PASS" starttime="20230703 12:30:30.737" endtime="20230703 12:30:30.819"/>
</kw>
<status status="PASS" starttime="20230703 12:30:30.736" endtime="20230703 12:30:30.820"/>
</kw>
<status status="PASS" starttime="20230703 12:30:27.087" endtime="20230703 12:30:30.821"/>
</kw>
<status status="PASS" starttime="20230703 12:30:27.086" endtime="20230703 12:30:30.821"/>
</iter>
<iter>
<var name="${Order number}">{'Order number': '3', 'Head': '6', 'Body': '2', 'Legs': '3', 'Address': 'Address 789'}</var>
<kw name="Fill in robo specs and submit for one person">
<arg>${Order number}</arg>
<kw name="Sleep" library="BuiltIn">
<arg>1s</arg>
<doc>Pauses the test executed for the given time.</doc>
<msg timestamp="20230703 12:30:31.834" level="INFO">Slept 1 second</msg>
<status status="PASS" starttime="20230703 12:30:30.824" endtime="20230703 12:30:31.835"/>
</kw>
<kw name="Wait Until Element Is Visible" library="RPA.Browser.Selenium">
<arg>xpath://select[@id='head']</arg>
<doc>Waits until the element ``locator`` is visible.</doc>
<status status="PASS" starttime="20230703 12:30:31.836" endtime="20230703 12:30:31.861"/>
</kw>
<kw name="Select From List By Value" library="RPA.Browser.Selenium">
<arg>xpath://select[@id='head']</arg>
<arg>${Order number}[Head]</arg>
<doc>Selects options from selection list ``locator`` by ``values``.</doc>
<msg timestamp="20230703 12:30:31.864" level="INFO">Selecting options from selection list 'xpath://select[@id='head']' by value 6.</msg>
<status status="PASS" starttime="20230703 12:30:31.862" endtime="20230703 12:30:31.956"/>
</kw>
<kw name="Select Radio Button" library="RPA.Browser.Selenium">
<arg>body</arg>
<arg>${Order number}[Body]</arg>
<doc>Sets the radio button group ``group_name`` to ``value``.</doc>
<msg timestamp="20230703 12:30:31.958" level="INFO">Selecting '2' from radio button 'body'.</msg>
<status status="PASS" starttime="20230703 12:30:31.957" endtime="20230703 12:30:32.016"/>
</kw>
<kw name="Input Text" library="RPA.Browser.Selenium">
<arg>//input[@class='form-control' and @type='number']</arg>
<arg>${Order number}[Legs]</arg>
<doc>Types the given ``text`` into the text field identified by ``locator``.</doc>
<msg timestamp="20230703 12:30:32.019" level="INFO">Typing text '3' into text field '//input[@class='form-control' and @type='number']'.</msg>
<status status="PASS" starttime="20230703 12:30:32.017" endtime="20230703 12:30:32.097"/>
</kw>
<kw name="Input Text" library="RPA.Browser.Selenium">
<arg>//input[@class='form-control' and @type='text']</arg>
<arg>${Order number}[Address]</arg>
<doc>Types the given ``text`` into the text field identified by ``locator``.</doc>
<msg timestamp="20230703 12:30:32.100" level="INFO">Typing text 'Address 789' into text field '//input[@class='form-control' and @type='text']'.</msg>
<status status="PASS" starttime="20230703 12:30:32.098" endtime="20230703 12:30:32.198"/>
</kw>
<kw name="Place order">
<kw name="Click Button" library="RPA.Browser.Selenium">
<arg>id:order</arg>
<doc>Clicks the button identified by ``locator``.</doc>
<msg timestamp="20230703 12:30:32.202" level="INFO">Clicking button 'id:order'.</msg>
<status status="PASS" starttime="20230703 12:30:32.201" endtime="20230703 12:30:32.271"/>
</kw>
<for flavor="IN RANGE">
<var>${i}</var>
<value>9999999</value>
<iter>
<var name="${i}">0</var>
<kw name="Is Element Visible" library="RPA.Browser.Selenium">
<var>${success}</var>
<arg>id:receipt</arg>
<doc>Is element visible</doc>
<msg timestamp="20230703 12:30:32.443" level="INFO">Element 'id:receipt' is displayed.</msg>
<msg timestamp="20230703 12:30:32.444" level="INFO">${success} = True</msg>
<status status="PASS" starttime="20230703 12:30:32.420" endtime="20230703 12:30:32.444"/>
</kw>
<if>
<branch type="IF" condition="${success}">
<break>
<status status="PASS" starttime="20230703 12:30:32.446" endtime="20230703 12:30:32.446"/>
</break>
<status status="PASS" starttime="20230703 12:30:32.445" endtime="20230703 12:30:32.447"/>
</branch>
<status status="PASS" starttime="20230703 12:30:32.445" endtime="20230703 12:30:32.447"/>
</if>
<kw name="Click Button" library="RPA.Browser.Selenium">
<arg>id:order</arg>
<doc>Clicks the button identified by ``locator``.</doc>
<status status="NOT RUN" starttime="20230703 12:30:32.448" endtime="20230703 12:30:32.448"/>
</kw>
<status status="PASS" starttime="20230703 12:30:32.419" endtime="20230703 12:30:32.449"/>
</iter>
<status status="PASS" starttime="20230703 12:30:32.272" endtime="20230703 12:30:32.529"/>
</for>
<status status="PASS" starttime="20230703 12:30:32.199" endtime="20230703 12:30:32.531"/>
</kw>
<kw name="Export the table as a PDF">
<kw name="Wait Until Element Is Visible" library="RPA.Browser.Selenium">
<arg>id:receipt</arg>
<doc>Waits until the element ``locator`` is visible.</doc>
<status status="PASS" starttime="20230703 12:30:32.533" endtime="20230703 12:30:32.555"/>
</kw>
<kw name="Get Element Attribute" library="RPA.Browser.Selenium">
<var>${sales_results_html}</var>
<arg>id:receipt</arg>
<arg>outerHTML</arg>
<doc>Returns the value of ``attribute`` from the element ``locator``.</doc>
<msg timestamp="20230703 12:30:32.579" level="INFO">${sales_results_html} = &lt;div id="receipt" class="alert alert-success" role="alert"&gt;&lt;h3&gt;Receipt&lt;/h3&gt;&lt;div&gt;2023-07-03T10:30:32.266Z&lt;/div&gt;&lt;p class="badge badge-success"&gt;RSB-ROBO-ORDER-YLI86DFX7S&lt;/p&gt;&lt;p&gt;&lt;/p&gt;&lt;div id="parts" class="...</msg>
<status status="PASS" starttime="20230703 12:30:32.556" endtime="20230703 12:30:32.579"/>
</kw>
<kw name="Set Variable" library="BuiltIn">
<var>${pdf_filename}</var>
<arg>${OUTPUT_DIR}${/}receipt${counter}.pdf</arg>
<doc>Returns the given values which can then be assigned to a variables.</doc>
<msg timestamp="20230703 12:30:32.581" level="INFO">${pdf_filename} = C:\Users\domib\Downloads\Robocorp Certification\Certificate_II\receipt1.pdf</msg>
<status status="PASS" starttime="20230703 12:30:32.580" endtime="20230703 12:30:32.582"/>
</kw>
<kw name="Html To Pdf" library="RPA.PDF">
<arg>${sales_results_html}</arg>
<arg>${pdf_filename}</arg>
<doc>Generate a PDF file from HTML content.</doc>
<msg timestamp="20230703 12:30:32.585" level="INFO">Writing output to file C:\Users\domib\Downloads\Robocorp Certification\Certificate_II\receipt1.pdf</msg>
<msg timestamp="20230703 12:30:32.913" level="INFO">maxp pruned</msg>
<msg timestamp="20230703 12:30:32.914" level="INFO">cmap pruned</msg>
<msg timestamp="20230703 12:30:32.915" level="INFO">post pruned</msg>
<msg timestamp="20230703 12:30:32.915" level="INFO">GDEF dropped</msg>
<msg timestamp="20230703 12:30:32.916" level="INFO">GPOS dropped</msg>
<msg timestamp="20230703 12:30:32.916" level="INFO">GSUB dropped</msg>
<msg timestamp="20230703 12:30:32.919" level="INFO">name pruned</msg>
<msg timestamp="20230703 12:30:32.931" level="INFO">glyf pruned</msg>
<msg timestamp="20230703 12:30:32.932" level="INFO">Added gid0 to subset</msg>
<msg timestamp="20230703 12:30:32.933" level="INFO">Added first four glyphs to subset</msg>
<msg timestamp="20230703 12:30:32.934" level="INFO">Closing glyph list over 'glyf': 58 glyphs before</msg>
<msg timestamp="20230703 12:30:32.935" level="INFO">Glyph names: ['.notdef', '.null', 'uni0020', 'uni0021', 'uni002D', 'uni002E', 'uni0030', 'uni0031', 'uni0032', 'uni0033', 'uni0034', 'uni0035', 'uni0036', 'uni0037', 'uni0038', 'uni0039', 'uni003A', 'uni0041', 'uni0042', 'uni0044', 'uni0045', 'uni0046', 'uni0048', 'uni0049', 'uni004C', 'uni004F', 'uni0052', 'uni0053', 'uni0054', 'uni0057', 'uni0058', 'uni0059', 'uni005A', 'uni0061', 'uni0062', 'uni0063', 'uni0064', 'uni0065', 'uni0066', 'uni0067', 'uni0068', 'uni0069', 'uni006B', 'uni006C', 'uni006D', 'uni006E', 'uni006F', 'uni0070', 'uni0072', 'uni0073', 'uni0074', 'uni0075', 'uni0076', 'uni0077', 'uni0079', 'uni007B', 'uni007D', 'uni00C4']</msg>
<msg timestamp="20230703 12:30:32.937" level="INFO">Glyph IDs:   [0, 1, 2, 3, 65, 84, 95, 137, 161, 197, 280, 320, 382, 395, 409, 456, 463, 469, 493, 504, 575, 582, 594, 612, 645, 650, 660, 679, 715, 723, 752, 759, 775, 827, 837, 867, 884, 899, 932, 936, 950, 1294, 1295, 1296, 1298, 1299, 1300, 1302, 1303, 1304, 1305, 1329, 1345, 1346, 1361, 1404, 1407, 1681]</msg>
<msg timestamp="20230703 12:30:32.938" level="INFO">Closed glyph list over 'glyf': 58 glyphs after</msg>
<msg timestamp="20230703 12:30:32.938" level="INFO">Glyph names: ['.notdef', '.null', 'uni0020', 'uni0021', 'uni002D', 'uni002E', 'uni0030', 'uni0031', 'uni0032', 'uni0033', 'uni0034', 'uni0035', 'uni0036', 'uni0037', 'uni0038', 'uni0039', 'uni003A', 'uni0041', 'uni0042', 'uni0044', 'uni0045', 'uni0046', 'uni0048', 'uni0049', 'uni004C', 'uni004F', 'uni0052', 'uni0053', 'uni0054', 'uni0057', 'uni0058', 'uni0059', 'uni005A', 'uni0061', 'uni0062', 'uni0063', 'uni0064', 'uni0065', 'uni0066', 'uni0067', 'uni0068', 'uni0069', 'uni006B', 'uni006C', 'uni006D', 'uni006E', 'uni006F', 'uni0070', 'uni0072', 'uni0073', 'uni0074', 'uni0075', 'uni0076', 'uni0077', 'uni0079', 'uni007B', 'uni007D', 'uni00C4']</msg>
<msg timestamp="20230703 12:30:32.940" level="INFO">Glyph IDs:   [0, 1, 2, 3, 65, 84, 95, 137, 161, 197, 280, 320, 382, 395, 409, 456, 463, 469, 493, 504, 575, 582, 594, 612, 645, 650, 660, 679, 715, 723, 752, 759, 775, 827, 837, 867, 884, 899, 932, 936, 950, 1294, 1295, 1296, 1298, 1299, 1300, 1302, 1303, 1304, 1305, 1329, 1345, 1346, 1361, 1404, 1407, 1681]</msg>
<msg timestamp="20230703 12:30:32.940" level="INFO">Retaining 58 glyphs</msg>
<msg timestamp="20230703 12:30:32.941" level="INFO">head subsetting not needed</msg>
<msg timestamp="20230703 12:30:32.942" level="INFO">hhea subsetting not needed</msg>
<msg timestamp="20230703 12:30:32.942" level="INFO">maxp subsetting not needed</msg>
<msg timestamp="20230703 12:30:32.943" level="INFO">OS/2 subsetting not needed</msg>
<msg timestamp="20230703 12:30:32.947" level="INFO">hmtx subsetted</msg>
<msg timestamp="20230703 12:30:32.949" level="INFO">cmap subsetted</msg>
<msg timestamp="20230703 12:30:32.950" level="INFO">prep subsetting not needed</msg>
<msg timestamp="20230703 12:30:32.950" level="INFO">loca subsetting not needed</msg>
<msg timestamp="20230703 12:30:32.952" level="INFO">post subsetted</msg>
<msg timestamp="20230703 12:30:32.953" level="INFO">gasp subsetting not needed</msg>
<msg timestamp="20230703 12:30:32.953" level="INFO">STAT subsetting not needed</msg>
<msg timestamp="20230703 12:30:32.954" level="INFO">name subsetting not needed</msg>
<msg timestamp="20230703 12:30:32.955" level="INFO">glyf subsetted</msg>
<msg timestamp="20230703 12:30:32.956" level="INFO">head pruned</msg>
<msg timestamp="20230703 12:30:32.958" level="INFO">OS/2 Unicode ranges pruned: [0]</msg>
<msg timestamp="20230703 12:30:32.960" level="INFO">glyf pruned</msg>
<msg timestamp="20230703 12:30:33.036" level="INFO">maxp pruned</msg>
<msg timestamp="20230703 12:30:33.036" level="INFO">cmap pruned</msg>
<msg timestamp="20230703 12:30:33.037" level="INFO">post pruned</msg>
<msg timestamp="20230703 12:30:33.038" level="INFO">GDEF dropped</msg>
<msg timestamp="20230703 12:30:33.038" level="INFO">GPOS dropped</msg>
<msg timestamp="20230703 12:30:33.038" level="INFO">GSUB dropped</msg>
<msg timestamp="20230703 12:30:33.041" level="INFO">name pruned</msg>
<msg timestamp="20230703 12:30:33.053" level="INFO">glyf pruned</msg>
<msg timestamp="20230703 12:30:33.054" level="INFO">Added gid0 to subset</msg>
<msg timestamp="20230703 12:30:33.055" level="INFO">Added first four glyphs to subset</msg>
<msg timestamp="20230703 12:30:33.055" level="INFO">Closing glyph list over 'glyf': 19 glyphs before</msg>
<msg timestamp="20230703 12:30:33.056" level="INFO">Glyph names: ['.notdef', '.null', 'uni0020', 'uni0030', 'uni0031', 'uni0032', 'uni0033', 'uni0034', 'uni0035', 'uni0036', 'uni0037', 'uni0038', 'uni0039', 'uni0041', 'uni0062', 'uni006E', 'uni007B', 'uni007D', 'uni00C4']</msg>
<msg timestamp="20230703 12:30:33.057" level="INFO">Glyph IDs:   [0, 1, 2, 3, 575, 759, 1294, 1295, 1296, 1298, 1299, 1300, 1302, 1303, 1304, 1305, 1345, 1346, 1681]</msg>
<msg timestamp="20230703 12:30:33.058" level="INFO">Closed glyph list over 'glyf': 19 glyphs after</msg>
<msg timestamp="20230703 12:30:33.059" level="INFO">Glyph names: ['.notdef', '.null', 'uni0020', 'uni0030', 'uni0031', 'uni0032', 'uni0033', 'uni0034', 'uni0035', 'uni0036', 'uni0037', 'uni0038', 'uni0039', 'uni0041', 'uni0062', 'uni006E', 'uni007B', 'uni007D', 'uni00C4']</msg>
<msg timestamp="20230703 12:30:33.061" level="INFO">Glyph IDs:   [0, 1, 2, 3, 575, 759, 1294, 1295, 1296, 1298, 1299, 1300, 1302, 1303, 1304, 1305, 1345, 1346, 1681]</msg>
<msg timestamp="20230703 12:30:33.062" level="INFO">Retaining 19 glyphs</msg>
<msg timestamp="20230703 12:30:33.063" level="INFO">head subsetting not needed</msg>
<msg timestamp="20230703 12:30:33.063" level="INFO">hhea subsetting not needed</msg>
<msg timestamp="20230703 12:30:33.064" level="INFO">maxp subsetting not needed</msg>
<msg timestamp="20230703 12:30:33.065" level="INFO">OS/2 subsetting not needed</msg>
<msg timestamp="20230703 12:30:33.069" level="INFO">hmtx subsetted</msg>
<msg timestamp="20230703 12:30:33.071" level="INFO">cmap subsetted</msg>
<msg timestamp="20230703 12:30:33.072" level="INFO">prep subsetting not needed</msg>
<msg timestamp="20230703 12:30:33.072" level="INFO">loca subsetting not needed</msg>
<msg timestamp="20230703 12:30:33.073" level="INFO">post subsetted</msg>
<msg timestamp="20230703 12:30:33.074" level="INFO">gasp subsetting not needed</msg>
<msg timestamp="20230703 12:30:33.074" level="INFO">STAT subsetting not needed</msg>
<msg timestamp="20230703 12:30:33.075" level="INFO">name subsetting not needed</msg>
<msg timestamp="20230703 12:30:33.076" level="INFO">glyf subsetted</msg>
<msg timestamp="20230703 12:30:33.078" level="INFO">head pruned</msg>
<msg timestamp="20230703 12:30:33.079" level="INFO">OS/2 Unicode ranges pruned: [0]</msg>
<msg timestamp="20230703 12:30:33.081" level="INFO">glyf pruned</msg>
<msg timestamp="20230703 12:30:33.127" level="INFO">maxp pruned</msg>
<msg timestamp="20230703 12:30:33.128" level="INFO">cmap pruned</msg>
<msg timestamp="20230703 12:30:33.129" level="INFO">post pruned</msg>
<msg timestamp="20230703 12:30:33.129" level="INFO">GDEF dropped</msg>
<msg timestamp="20230703 12:30:33.129" level="INFO">GPOS dropped</msg>
<msg timestamp="20230703 12:30:33.130" level="INFO">GSUB dropped</msg>
<msg timestamp="20230703 12:30:33.131" level="INFO">name pruned</msg>
<msg timestamp="20230703 12:30:33.192" level="INFO">glyf pruned</msg>
<msg timestamp="20230703 12:30:33.199" level="INFO">Added gid0 to subset</msg>
<msg timestamp="20230703 12:30:33.200" level="INFO">Added first four glyphs to subset</msg>
<msg timestamp="20230703 12:30:33.200" level="INFO">Closing glyph list over 'glyf': 18 glyphs before</msg>
<msg timestamp="20230703 12:30:33.200" level="INFO">Glyph names: ['.notdef', '.null', 'uni0020', 'uni0030', 'uni0031', 'uni0032', 'uni0033', 'uni0034', 'uni0035', 'uni0036', 'uni0037', 'uni0038', 'uni0039', 'uni0062', 'uni006E', 'uni007B', 'uni007D', 'uni00A0']</msg>
<msg timestamp="20230703 12:30:33.202" level="INFO">Glyph IDs:   [0, 1, 2, 3, 544, 727, 1256, 1257, 1258, 1260, 1261, 1262, 1264, 1265, 1266, 1267, 1307, 1308]</msg>
<msg timestamp="20230703 12:30:33.202" level="INFO">Closed glyph list over 'glyf': 18 glyphs after</msg>
<msg timestamp="20230703 12:30:33.203" level="INFO">Glyph names: ['.notdef', '.null', 'uni0020', 'uni0030', 'uni0031', 'uni0032', 'uni0033', 'uni0034', 'uni0035', 'uni0036', 'uni0037', 'uni0038', 'uni0039', 'uni0062', 'uni006E', 'uni007B', 'uni007D', 'uni00A0']</msg>
<msg timestamp="20230703 12:30:33.203" level="INFO">Glyph IDs:   [0, 1, 2, 3, 544, 727, 1256, 1257, 1258, 1260, 1261, 1262, 1264, 1265, 1266, 1267, 1307, 1308]</msg>
<msg timestamp="20230703 12:30:33.204" level="INFO">Retaining 18 glyphs</msg>
<msg timestamp="20230703 12:30:33.205" level="INFO">head subsetting not needed</msg>
<msg timestamp="20230703 12:30:33.205" level="INFO">hhea subsetting not needed</msg>
<msg timestamp="20230703 12:30:33.206" level="INFO">maxp subsetting not needed</msg>
<msg timestamp="20230703 12:30:33.206" level="INFO">OS/2 subsetting not needed</msg>
<msg timestamp="20230703 12:30:33.211" level="INFO">hmtx subsetted</msg>
<msg timestamp="20230703 12:30:33.213" level="INFO">cmap subsetted</msg>
<msg timestamp="20230703 12:30:33.214" level="INFO">loca subsetting not needed</msg>
<msg timestamp="20230703 12:30:33.216" level="INFO">post subsetted</msg>
<msg timestamp="20230703 12:30:33.216" level="INFO">name subsetting not needed</msg>
<msg timestamp="20230703 12:30:33.218" level="INFO">glyf subsetted</msg>
<msg timestamp="20230703 12:30:33.218" level="INFO">head pruned</msg>
<msg timestamp="20230703 12:30:33.219" level="INFO">OS/2 Unicode ranges pruned: [0]</msg>
<msg timestamp="20230703 12:30:33.220" level="INFO">glyf pruned</msg>
<msg timestamp="20230703 12:30:33.261" level="INFO">maxp pruned</msg>
<msg timestamp="20230703 12:30:33.262" level="INFO">cmap pruned</msg>
<msg timestamp="20230703 12:30:33.263" level="INFO">post pruned</msg>
<msg timestamp="20230703 12:30:33.263" level="INFO">GDEF dropped</msg>
<msg timestamp="20230703 12:30:33.263" level="INFO">GPOS dropped</msg>
<msg timestamp="20230703 12:30:33.264" level="INFO">GSUB dropped</msg>
<msg timestamp="20230703 12:30:33.265" level="INFO">name pruned</msg>
<msg timestamp="20230703 12:30:33.278" level="INFO">glyf pruned</msg>
<msg timestamp="20230703 12:30:33.284" level="INFO">Added gid0 to subset</msg>
<msg timestamp="20230703 12:30:33.284" level="INFO">Added first four glyphs to subset</msg>
<msg timestamp="20230703 12:30:33.285" level="INFO">Closing glyph list over 'glyf': 18 glyphs before</msg>
<msg timestamp="20230703 12:30:33.285" level="INFO">Glyph names: ['.notdef', '.null', 'uni0020', 'uni0030', 'uni0031', 'uni0032', 'uni0033', 'uni0034', 'uni0035', 'uni0036', 'uni0037', 'uni0038', 'uni0039', 'uni0062', 'uni006E', 'uni007B', 'uni007D', 'uni00A0']</msg>
<msg timestamp="20230703 12:30:33.287" level="INFO">Glyph IDs:   [0, 1, 2, 3, 544, 727, 1256, 1257, 1258, 1260, 1261, 1262, 1264, 1265, 1266, 1267, 1307, 1308]</msg>
<msg timestamp="20230703 12:30:33.288" level="INFO">Closed glyph list over 'glyf': 18 glyphs after</msg>
<msg timestamp="20230703 12:30:33.288" level="INFO">Glyph names: ['.notdef', '.null', 'uni0020', 'uni0030', 'uni0031', 'uni0032', 'uni0033', 'uni0034', 'uni0035', 'uni0036', 'uni0037', 'uni0038', 'uni0039', 'uni0062', 'uni006E', 'uni007B', 'uni007D', 'uni00A0']</msg>
<msg timestamp="20230703 12:30:33.289" level="INFO">Glyph IDs:   [0, 1, 2, 3, 544, 727, 1256, 1257, 1258, 1260, 1261, 1262, 1264, 1265, 1266, 1267, 1307, 1308]</msg>
<msg timestamp="20230703 12:30:33.290" level="INFO">Retaining 18 glyphs</msg>
<msg timestamp="20230703 12:30:33.291" level="INFO">head subsetting not needed</msg>
<msg timestamp="20230703 12:30:33.291" level="INFO">hhea subsetting not needed</msg>
<msg timestamp="20230703 12:30:33.292" level="INFO">maxp subsetting not needed</msg>
<msg timestamp="20230703 12:30:33.292" level="INFO">OS/2 subsetting not needed</msg>
<msg timestamp="20230703 12:30:33.296" level="INFO">hmtx subsetted</msg>
<msg timestamp="20230703 12:30:33.297" level="INFO">cmap subsetted</msg>
<msg timestamp="20230703 12:30:33.298" level="INFO">loca subsetting not needed</msg>
<msg timestamp="20230703 12:30:33.298" level="INFO">post subsetted</msg>
<msg timestamp="20230703 12:30:33.299" level="INFO">name subsetting not needed</msg>
<msg timestamp="20230703 12:30:33.300" level="INFO">glyf subsetted</msg>
<msg timestamp="20230703 12:30:33.301" level="INFO">head pruned</msg>
<msg timestamp="20230703 12:30:33.302" level="INFO">OS/2 Unicode ranges pruned: [0]</msg>
<msg timestamp="20230703 12:30:33.304" level="INFO">glyf pruned</msg>
<status status="PASS" starttime="20230703 12:30:32.582" endtime="20230703 12:30:33.341"/>
</kw>
<kw name="Evaluate" library="BuiltIn">
<var>${counter}</var>
<arg>${counter} + 1</arg>
<doc>Evaluates the given expression in Python and returns the result.</doc>
<msg timestamp="20230703 12:30:33.344" level="INFO">${counter} = 2</msg>
<status status="PASS" starttime="20230703 12:30:33.342" endtime="20230703 12:30:33.345"/>
</kw>
<status status="PASS" starttime="20230703 12:30:32.532" endtime="20230703 12:30:33.346"/>
</kw>
<kw name="Click Button When Visible" library="RPA.Browser.Selenium">
<arg>xpath://button[@id='order-another']</arg>
<doc>Click button identified by ``locator``, once it becomes visible.</doc>
<msg timestamp="20230703 12:30:33.373" level="INFO">Clicking button 'xpath://button[@id='order-another']'.</msg>
<status status="PASS" starttime="20230703 12:30:33.347" endtime="20230703 12:30:33.508"/>
</kw>
<kw name="Sleep" library="BuiltIn">
<arg>1s</arg>
<doc>Pauses the test executed for the given time.</doc>
<msg timestamp="20230703 12:30:34.518" level="INFO">Slept 1 second</msg>
<status status="PASS" starttime="20230703 12:30:33.508" endtime="20230703 12:30:34.520"/>
</kw>
<kw name="Close annoying modal">
<kw name="Click Button" library="RPA.Browser.Selenium">
<arg>OK</arg>
<doc>Clicks the button identified by ``locator``.</doc>
<msg timestamp="20230703 12:30:34.524" level="INFO">Clicking button 'OK'.</msg>
<status status="PASS" starttime="20230703 12:30:34.523" endtime="20230703 12:30:34.598"/>
</kw>
<status status="PASS" starttime="20230703 12:30:34.520" endtime="20230703 12:30:34.599"/>
</kw>
<status status="PASS" starttime="20230703 12:30:30.823" endtime="20230703 12:30:34.600"/>
</kw>
<status status="PASS" starttime="20230703 12:30:30.822" endtime="20230703 12:30:34.600"/>
</iter>
<iter>
<var name="${Order number}">{'Order number': '4', 'Head': '2', 'Body': '3', 'Legs': '2', 'Address': 'Address 1'}</var>
<kw name="Fill in robo specs and submit for one person">
<arg>${Order number}</arg>
<kw name="Sleep" library="BuiltIn">
<arg>1s</arg>
<doc>Pauses the test executed for the given time.</doc>
<msg timestamp="20230703 12:30:35.618" level="INFO">Slept 1 second</msg>
<status status="PASS" starttime="20230703 12:30:34.603" endtime="20230703 12:30:35.619"/>
</kw>
<kw name="Wait Until Element Is Visible" library="RPA.Browser.Selenium">
<arg>xpath://select[@id='head']</arg>
<doc>Waits until the element ``locator`` is visible.</doc>
<status status="PASS" starttime="20230703 12:30:35.620" endtime="20230703 12:30:35.639"/>
</kw>
<kw name="Select From List By Value" library="RPA.Browser.Selenium">
<arg>xpath://select[@id='head']</arg>
<arg>${Order number}[Head]</arg>
<doc>Selects options from selection list ``locator`` by ``values``.</doc>
<msg timestamp="20230703 12:30:35.642" level="INFO">Selecting options from selection list 'xpath://select[@id='head']' by value 2.</msg>
<status status="PASS" starttime="20230703 12:30:35.640" endtime="20230703 12:30:35.723"/>
</kw>
<kw name="Select Radio Button" library="RPA.Browser.Selenium">
<arg>body</arg>
<arg>${Order number}[Body]</arg>
<doc>Sets the radio button group ``group_name`` to ``value``.</doc>
<msg timestamp="20230703 12:30:35.725" level="INFO">Selecting '3' from radio button 'body'.</msg>
<status status="PASS" starttime="20230703 12:30:35.724" endtime="20230703 12:30:35.784"/>
</kw>
<kw name="Input Text" library="RPA.Browser.Selenium">
<arg>//input[@class='form-control' and @type='number']</arg>
<arg>${Order number}[Legs]</arg>
<doc>Types the given ``text`` into the text field identified by ``locator``.</doc>
<msg timestamp="20230703 12:30:35.786" level="INFO">Typing text '2' into text field '//input[@class='form-control' and @type='number']'.</msg>
<status status="PASS" starttime="20230703 12:30:35.785" endtime="20230703 12:30:35.867"/>
</kw>
<kw name="Input Text" library="RPA.Browser.Selenium">
<arg>//input[@class='form-control' and @type='text']</arg>
<arg>${Order number}[Address]</arg>
<doc>Types the given ``text`` into the text field identified by ``locator``.</doc>
<msg timestamp="20230703 12:30:35.869" level="INFO">Typing text 'Address 1' into text field '//input[@class='form-control' and @type='text']'.</msg>
<status status="PASS" starttime="20230703 12:30:35.868" endtime="20230703 12:30:35.969"/>
</kw>
<kw name="Place order">
<kw name="Click Button" library="RPA.Browser.Selenium">
<arg>id:order</arg>
<doc>Clicks the button identified by ``locator``.</doc>
<msg timestamp="20230703 12:30:35.974" level="INFO">Clicking button 'id:order'.</msg>
<status status="PASS" starttime="20230703 12:30:35.972" endtime="20230703 12:30:36.054"/>
</kw>
<for flavor="IN RANGE">
<var>${i}</var>
<value>9999999</value>
<iter>
<var name="${i}">0</var>
<kw name="Is Element Visible" library="RPA.Browser.Selenium">
<var>${success}</var>
<arg>id:receipt</arg>
<doc>Is element visible</doc>
<msg timestamp="20230703 12:30:36.237" level="INFO">Element 'id:receipt' is displayed.</msg>
<msg timestamp="20230703 12:30:36.238" level="INFO">${success} = True</msg>
<status status="PASS" starttime="20230703 12:30:36.216" endtime="20230703 12:30:36.239"/>
</kw>
<if>
<branch type="IF" condition="${success}">
<break>
<status status="PASS" starttime="20230703 12:30:36.240" endtime="20230703 12:30:36.241"/>
</break>
<status status="PASS" starttime="20230703 12:30:36.240" endtime="20230703 12:30:36.241"/>
</branch>
<status status="PASS" starttime="20230703 12:30:36.239" endtime="20230703 12:30:36.242"/>
</if>
<kw name="Click Button" library="RPA.Browser.Selenium">
<arg>id:order</arg>
<doc>Clicks the button identified by ``locator``.</doc>
<status status="NOT RUN" starttime="20230703 12:30:36.242" endtime="20230703 12:30:36.243"/>
</kw>
<status status="PASS" starttime="20230703 12:30:36.215" endtime="20230703 12:30:36.243"/>
</iter>
<status status="PASS" starttime="20230703 12:30:36.055" endtime="20230703 12:30:36.330"/>
</for>
<status status="PASS" starttime="20230703 12:30:35.970" endtime="20230703 12:30:36.332"/>
</kw>
<kw name="Export the table as a PDF">
<kw name="Wait Until Element Is Visible" library="RPA.Browser.Selenium">
<arg>id:receipt</arg>
<doc>Waits until the element ``locator`` is visible.</doc>
<status status="PASS" starttime="20230703 12:30:36.335" endtime="20230703 12:30:36.355"/>
</kw>
<kw name="Get Element Attribute" library="RPA.Browser.Selenium">
<var>${sales_results_html}</var>
<arg>id:receipt</arg>
<arg>outerHTML</arg>
<doc>Returns the value of ``attribute`` from the element ``locator``.</doc>
<msg timestamp="20230703 12:30:36.376" level="INFO">${sales_results_html} = &lt;div id="receipt" class="alert alert-success" role="alert"&gt;&lt;h3&gt;Receipt&lt;/h3&gt;&lt;div&gt;2023-07-03T10:30:36.049Z&lt;/div&gt;&lt;p class="badge badge-success"&gt;RSB-ROBO-ORDER-CBLUX3SUS5&lt;/p&gt;&lt;p&gt;&lt;/p&gt;&lt;div id="parts" class="...</msg>
<status status="PASS" starttime="20230703 12:30:36.356" endtime="20230703 12:30:36.377"/>
</kw>
<kw name="Set Variable" library="BuiltIn">
<var>${pdf_filename}</var>
<arg>${OUTPUT_DIR}${/}receipt${counter}.pdf</arg>
<doc>Returns the given values which can then be assigned to a variables.</doc>
<msg timestamp="20230703 12:30:36.379" level="INFO">${pdf_filename} = C:\Users\domib\Downloads\Robocorp Certification\Certificate_II\receipt1.pdf</msg>
<status status="PASS" starttime="20230703 12:30:36.378" endtime="20230703 12:30:36.380"/>
</kw>
<kw name="Html To Pdf" library="RPA.PDF">
<arg>${sales_results_html}</arg>
<arg>${pdf_filename}</arg>
<doc>Generate a PDF file from HTML content.</doc>
<msg timestamp="20230703 12:30:36.383" level="INFO">Writing output to file C:\Users\domib\Downloads\Robocorp Certification\Certificate_II\receipt1.pdf</msg>
<msg timestamp="20230703 12:30:36.741" level="INFO">maxp pruned</msg>
<msg timestamp="20230703 12:30:36.741" level="INFO">cmap pruned</msg>
<msg timestamp="20230703 12:30:36.742" level="INFO">post pruned</msg>
<msg timestamp="20230703 12:30:36.743" level="INFO">GDEF dropped</msg>
<msg timestamp="20230703 12:30:36.743" level="INFO">GPOS dropped</msg>
<msg timestamp="20230703 12:30:36.743" level="INFO">GSUB dropped</msg>
<msg timestamp="20230703 12:30:36.747" level="INFO">name pruned</msg>
<msg timestamp="20230703 12:30:36.758" level="INFO">glyf pruned</msg>
<msg timestamp="20230703 12:30:36.759" level="INFO">Added gid0 to subset</msg>
<msg timestamp="20230703 12:30:36.759" level="INFO">Added first four glyphs to subset</msg>
<msg timestamp="20230703 12:30:36.760" level="INFO">Closing glyph list over 'glyf': 58 glyphs before</msg>
<msg timestamp="20230703 12:30:36.760" level="INFO">Glyph names: ['.notdef', '.null', 'uni0020', 'uni0021', 'uni002D', 'uni002E', 'uni0030', 'uni0031', 'uni0032', 'uni0033', 'uni0034', 'uni0035', 'uni0036', 'uni0037', 'uni0038', 'uni0039', 'uni003A', 'uni0041', 'uni0042', 'uni0043', 'uni0044', 'uni0045', 'uni0048', 'uni004C', 'uni004F', 'uni0052', 'uni0053', 'uni0054', 'uni0055', 'uni0057', 'uni0058', 'uni0059', 'uni005A', 'uni0061', 'uni0062', 'uni0063', 'uni0064', 'uni0065', 'uni0066', 'uni0067', 'uni0068', 'uni0069', 'uni006B', 'uni006C', 'uni006D', 'uni006E', 'uni006F', 'uni0070', 'uni0072', 'uni0073', 'uni0074', 'uni0075', 'uni0076', 'uni0077', 'uni0079', 'uni007B', 'uni007D', 'uni00C4']</msg>
<msg timestamp="20230703 12:30:36.763" level="INFO">Glyph IDs:   [0, 1, 2, 3, 65, 73, 84, 95, 161, 280, 320, 382, 395, 409, 421, 456, 463, 469, 493, 504, 575, 582, 594, 612, 645, 650, 660, 679, 715, 723, 752, 759, 775, 827, 837, 867, 884, 899, 932, 936, 950, 1294, 1295, 1296, 1298, 1299, 1300, 1302, 1303, 1304, 1305, 1329, 1345, 1346, 1361, 1404, 1407, 1681]</msg>
<msg timestamp="20230703 12:30:36.764" level="INFO">Closed glyph list over 'glyf': 58 glyphs after</msg>
<msg timestamp="20230703 12:30:36.764" level="INFO">Glyph names: ['.notdef', '.null', 'uni0020', 'uni0021', 'uni002D', 'uni002E', 'uni0030', 'uni0031', 'uni0032', 'uni0033', 'uni0034', 'uni0035', 'uni0036', 'uni0037', 'uni0038', 'uni0039', 'uni003A', 'uni0041', 'uni0042', 'uni0043', 'uni0044', 'uni0045', 'uni0048', 'uni004C', 'uni004F', 'uni0052', 'uni0053', 'uni0054', 'uni0055', 'uni0057', 'uni0058', 'uni0059', 'uni005A', 'uni0061', 'uni0062', 'uni0063', 'uni0064', 'uni0065', 'uni0066', 'uni0067', 'uni0068', 'uni0069', 'uni006B', 'uni006C', 'uni006D', 'uni006E', 'uni006F', 'uni0070', 'uni0072', 'uni0073', 'uni0074', 'uni0075', 'uni0076', 'uni0077', 'uni0079', 'uni007B', 'uni007D', 'uni00C4']</msg>
<msg timestamp="20230703 12:30:36.765" level="INFO">Glyph IDs:   [0, 1, 2, 3, 65, 73, 84, 95, 161, 280, 320, 382, 395, 409, 421, 456, 463, 469, 493, 504, 575, 582, 594, 612, 645, 650, 660, 679, 715, 723, 752, 759, 775, 827, 837, 867, 884, 899, 932, 936, 950, 1294, 1295, 1296, 1298, 1299, 1300, 1302, 1303, 1304, 1305, 1329, 1345, 1346, 1361, 1404, 1407, 1681]</msg>
<msg timestamp="20230703 12:30:36.766" level="INFO">Retaining 58 glyphs</msg>
<msg timestamp="20230703 12:30:36.767" level="INFO">head subsetting not needed</msg>
<msg timestamp="20230703 12:30:36.768" level="INFO">hhea subsetting not needed</msg>
<msg timestamp="20230703 12:30:36.768" level="INFO">maxp subsetting not needed</msg>
<msg timestamp="20230703 12:30:36.769" level="INFO">OS/2 subsetting not needed</msg>
<msg timestamp="20230703 12:30:36.774" level="INFO">hmtx subsetted</msg>
<msg timestamp="20230703 12:30:36.778" level="INFO">cmap subsetted</msg>
<msg timestamp="20230703 12:30:36.779" level="INFO">prep subsetting not needed</msg>
<msg timestamp="20230703 12:30:36.779" level="INFO">loca subsetting not needed</msg>
<msg timestamp="20230703 12:30:36.780" level="INFO">post subsetted</msg>
<msg timestamp="20230703 12:30:36.781" level="INFO">gasp subsetting not needed</msg>
<msg timestamp="20230703 12:30:36.782" level="INFO">STAT subsetting not needed</msg>
<msg timestamp="20230703 12:30:36.782" level="INFO">name subsetting not needed</msg>
<msg timestamp="20230703 12:30:36.784" level="INFO">glyf subsetted</msg>
<msg timestamp="20230703 12:30:36.785" level="INFO">head pruned</msg>
<msg timestamp="20230703 12:30:36.786" level="INFO">OS/2 Unicode ranges pruned: [0]</msg>
<msg timestamp="20230703 12:30:36.789" level="INFO">glyf pruned</msg>
<msg timestamp="20230703 12:30:36.868" level="INFO">maxp pruned</msg>
<msg timestamp="20230703 12:30:36.869" level="INFO">cmap pruned</msg>
<msg timestamp="20230703 12:30:36.870" level="INFO">post pruned</msg>
<msg timestamp="20230703 12:30:36.871" level="INFO">GDEF dropped</msg>
<msg timestamp="20230703 12:30:36.872" level="INFO">GPOS dropped</msg>
<msg timestamp="20230703 12:30:36.873" level="INFO">GSUB dropped</msg>
<msg timestamp="20230703 12:30:36.876" level="INFO">name pruned</msg>
<msg timestamp="20230703 12:30:36.892" level="INFO">glyf pruned</msg>
<msg timestamp="20230703 12:30:36.893" level="INFO">Added gid0 to subset</msg>
<msg timestamp="20230703 12:30:36.893" level="INFO">Added first four glyphs to subset</msg>
<msg timestamp="20230703 12:30:36.894" level="INFO">Closing glyph list over 'glyf': 19 glyphs before</msg>
<msg timestamp="20230703 12:30:36.894" level="INFO">Glyph names: ['.notdef', '.null', 'uni0020', 'uni0030', 'uni0031', 'uni0032', 'uni0033', 'uni0034', 'uni0035', 'uni0036', 'uni0037', 'uni0038', 'uni0039', 'uni0041', 'uni0062', 'uni006E', 'uni007B', 'uni007D', 'uni00C4']</msg>
<msg timestamp="20230703 12:30:36.896" level="INFO">Glyph IDs:   [0, 1, 2, 3, 575, 759, 1294, 1295, 1296, 1298, 1299, 1300, 1302, 1303, 1304, 1305, 1345, 1346, 1681]</msg>
<msg timestamp="20230703 12:30:36.896" level="INFO">Closed glyph list over 'glyf': 19 glyphs after</msg>
[...]
</kw>
<kw name="Place order">
<kw name="Click Button" library="RPA.Browser.Selenium">
<arg>id:order</arg>
<doc>Clicks the button identified by ``locator``.</doc>
<msg timestamp="20230703 12:31:36.682" level="INFO">Clicking button 'id:order'.</msg>
<status status="PASS" starttime="20230703 12:31:36.681" endtime="20230703 12:31:36.752"/>
</kw>
<for flavor="IN RANGE">
<var>${i}</var>
<value>9999999</value>
<iter>
<var name="${i}">0</var>
<kw name="Is Element Visible" library="RPA.Browser.Selenium">
<var>${success}</var>
<arg>id:receipt</arg>
<doc>Is element visible</doc>
<msg timestamp="20230703 12:31:36.922" level="INFO">Element 'id:receipt' is displayed.</msg>
<msg timestamp="20230703 12:31:36.922" level="INFO">${success} = True</msg>
<status status="PASS" starttime="20230703 12:31:36.899" endtime="20230703 12:31:36.923"/>
</kw>
<if>
<branch type="IF" condition="${success}">
<break>
<status status="PASS" starttime="20230703 12:31:36.924" endtime="20230703 12:31:36.925"/>
</break>
<status status="PASS" starttime="20230703 12:31:36.924" endtime="20230703 12:31:36.925"/>
</branch>
<status status="PASS" starttime="20230703 12:31:36.923" endtime="20230703 12:31:36.926"/>
</if>
<kw name="Click Button" library="RPA.Browser.Selenium">
<arg>id:order</arg>
<doc>Clicks the button identified by ``locator``.</doc>
<status status="NOT RUN" starttime="20230703 12:31:36.926" endtime="20230703 12:31:36.927"/>
</kw>
<status status="PASS" starttime="20230703 12:31:36.898" endtime="20230703 12:31:36.928"/>
</iter>
<status status="PASS" starttime="20230703 12:31:36.753" endtime="20230703 12:31:37.003"/>
</for>
<status status="PASS" starttime="20230703 12:31:36.680" endtime="20230703 12:31:37.004"/>
</kw>
<kw name="Export the table as a PDF">
<kw name="Wait Until Element Is Visible" library="RPA.Browser.Selenium">
<arg>id:receipt</arg>
<doc>Waits until the element ``locator`` is visible.</doc>
<status status="PASS" starttime="20230703 12:31:37.007" endtime="20230703 12:31:37.028"/>
</kw>
<kw name="Get Element Attribute" library="RPA.Browser.Selenium">
<var>${sales_results_html}</var>
<arg>id:receipt</arg>
<arg>outerHTML</arg>
<doc>Returns the value of ``attribute`` from the element ``locator``.</doc>
<msg timestamp="20230703 12:31:37.051" level="INFO">${sales_results_html} = &lt;div id="receipt" class="alert alert-success" role="alert"&gt;&lt;h3&gt;Receipt&lt;/h3&gt;&lt;div&gt;2023-07-03T10:31:36.744Z&lt;/div&gt;&lt;p class="badge badge-success"&gt;RSB-ROBO-ORDER-OJ8V6IV7HO&lt;/p&gt;&lt;p&gt;&lt;/p&gt;&lt;div id="parts" class="...</msg>
<status status="PASS" starttime="20230703 12:31:37.029" endtime="20230703 12:31:37.052"/>
</kw>
<kw name="Set Variable" library="BuiltIn">
<var>${pdf_filename}</var>
<arg>${OUTPUT_DIR}${/}receipt${counter}.pdf</arg>
<doc>Returns the given values which can then be assigned to a variables.</doc>
<msg timestamp="20230703 12:31:37.054" level="INFO">${pdf_filename} = C:\Users\domib\Downloads\Robocorp Certification\Certificate_II\receipt1.pdf</msg>
<status status="PASS" starttime="20230703 12:31:37.053" endtime="20230703 12:31:37.055"/>
</kw>
<kw name="Html To Pdf" library="RPA.PDF">
<arg>${sales_results_html}</arg>
<arg>${pdf_filename}</arg>
<doc>Generate a PDF file from HTML content.</doc>
<msg timestamp="20230703 12:31:37.057" level="INFO">Writing output to file C:\Users\domib\Downloads\Robocorp Certification\Certificate_II\receipt1.pdf</msg>
<msg timestamp="20230703 12:31:37.388" level="INFO">maxp pruned</msg>
<msg timestamp="20230703 12:31:37.389" level="INFO">cmap pruned</msg>
<msg timestamp="20230703 12:31:37.390" level="INFO">post pruned</msg>
<msg timestamp="20230703 12:31:37.391" level="INFO">GDEF dropped</msg>
<msg timestamp="20230703 12:31:37.391" level="INFO">GPOS dropped</msg>
<msg timestamp="20230703 12:31:37.391" level="INFO">GSUB dropped</msg>
<msg timestamp="20230703 12:31:37.397" level="INFO">name pruned</msg>
<msg timestamp="20230703 12:31:37.407" level="INFO">glyf pruned</msg>
<msg timestamp="20230703 12:31:37.408" level="INFO">Added gid0 to subset</msg>
<msg timestamp="20230703 12:31:37.409" level="INFO">Added first four glyphs to subset</msg>
<msg timestamp="20230703 12:31:37.409" level="INFO">Closing glyph list over 'glyf': 58 glyphs before</msg>
<msg timestamp="20230703 12:31:37.411" level="INFO">Glyph names: ['.notdef', '.null', 'uni0020', 'uni0021', 'uni002D', 'uni002E', 'uni0030', 'uni0031', 'uni0032', 'uni0033', 'uni0034', 'uni0035', 'uni0036', 'uni0037', 'uni0038', 'uni0039', 'uni003A', 'uni0041', 'uni0042', 'uni0044', 'uni0045', 'uni0048', 'uni0049', 'uni004A', 'uni004C', 'uni004F', 'uni0052', 'uni0053', 'uni0054', 'uni0056', 'uni0057', 'uni0059', 'uni005A', 'uni0061', 'uni0062', 'uni0063', 'uni0064', 'uni0065', 'uni0066', 'uni0067', 'uni0068', 'uni0069', 'uni006B', 'uni006C', 'uni006D', 'uni006E', 'uni006F', 'uni0070', 'uni0072', 'uni0073', 'uni0074', 'uni0075', 'uni0076', 'uni0077', 'uni0079', 'uni007B', 'uni007D', 'uni00C4']</msg>
<msg timestamp="20230703 12:31:37.414" level="INFO">Glyph IDs:   [0, 1, 2, 3, 65, 84, 95, 161, 197, 265, 280, 320, 382, 395, 409, 453, 456, 469, 493, 504, 575, 582, 594, 612, 645, 650, 660, 679, 715, 723, 752, 759, 775, 827, 837, 867, 884, 899, 932, 936, 950, 1294, 1295, 1296, 1298, 1299, 1300, 1302, 1303, 1304, 1305, 1329, 1345, 1346, 1361, 1404, 1407, 1681]</msg>
<msg timestamp="20230703 12:31:37.415" level="INFO">Closed glyph list over 'glyf': 58 glyphs after</msg>
<msg timestamp="20230703 12:31:37.415" level="INFO">Glyph names: ['.notdef', '.null', 'uni0020', 'uni0021', 'uni002D', 'uni002E', 'uni0030', 'uni0031', 'uni0032', 'uni0033', 'uni0034', 'uni0035', 'uni0036', 'uni0037', 'uni0038', 'uni0039', 'uni003A', 'uni0041', 'uni0042', 'uni0044', 'uni0045', 'uni0048', 'uni0049', 'uni004A', 'uni004C', 'uni004F', 'uni0052', 'uni0053', 'uni0054', 'uni0056', 'uni0057', 'uni0059', 'uni005A', 'uni0061', 'uni0062', 'uni0063', 'uni0064', 'uni0065', 'uni0066', 'uni0067', 'uni0068', 'uni0069', 'uni006B', 'uni006C', 'uni006D', 'uni006E', 'uni006F', 'uni0070', 'uni0072', 'uni0073', 'uni0074', 'uni0075', 'uni0076', 'uni0077', 'uni0079', 'uni007B', 'uni007D', 'uni00C4']</msg>
<msg timestamp="20230703 12:31:37.416" level="INFO">Glyph IDs:   [0, 1, 2, 3, 65, 84, 95, 161, 197, 265, 280, 320, 382, 395, 409, 453, 456, 469, 493, 504, 575, 582, 594, 612, 645, 650, 660, 679, 715, 723, 752, 759, 775, 827, 837, 867, 884, 899, 932, 936, 950, 1294, 1295, 1296, 1298, 1299, 1300, 1302, 1303, 1304, 1305, 1329, 1345, 1346, 1361, 1404, 1407, 1681]</msg>
<msg timestamp="20230703 12:31:37.417" level="INFO">Retaining 58 glyphs</msg>
<msg timestamp="20230703 12:31:37.418" level="INFO">head subsetting not needed</msg>
<msg timestamp="20230703 12:31:37.419" level="INFO">hhea subsetting not needed</msg>
<msg timestamp="20230703 12:31:37.419" level="INFO">maxp subsetting not needed</msg>
<msg timestamp="20230703 12:31:37.420" level="INFO">OS/2 subsetting not needed</msg>
<msg timestamp="20230703 12:31:37.424" level="INFO">hmtx subsetted</msg>
<msg timestamp="20230703 12:31:37.426" level="INFO">cmap subsetted</msg>
<msg timestamp="20230703 12:31:37.427" level="INFO">prep subsetting not needed</msg>
<msg timestamp="20230703 12:31:37.428" level="INFO">loca subsetting not needed</msg>
<msg timestamp="20230703 12:31:37.429" level="INFO">post subsetted</msg>
<msg timestamp="20230703 12:31:37.429" level="INFO">gasp subsetting not needed</msg>
<msg timestamp="20230703 12:31:37.429" level="INFO">STAT subsetting not needed</msg>
<msg timestamp="20230703 12:31:37.430" level="INFO">name subsetting not needed</msg>
<msg timestamp="20230703 12:31:37.432" level="INFO">glyf subsetted</msg>
<msg timestamp="20230703 12:31:37.433" level="INFO">head pruned</msg>
<msg timestamp="20230703 12:31:37.434" level="INFO">OS/2 Unicode ranges pruned: [0]</msg>
<msg timestamp="20230703 12:31:37.437" level="INFO">glyf pruned</msg>
<msg timestamp="20230703 12:31:37.513" level="INFO">maxp pruned</msg>
<msg timestamp="20230703 12:31:37.514" level="INFO">cmap pruned</msg>
<msg timestamp="20230703 12:31:37.514" level="INFO">post pruned</msg>
<msg timestamp="20230703 12:31:37.515" level="INFO">GDEF dropped</msg>
<msg timestamp="20230703 12:31:37.515" level="INFO">GPOS dropped</msg>
<msg timestamp="20230703 12:31:37.517" level="INFO">GSUB dropped</msg>
<msg timestamp="20230703 12:31:37.519" level="INFO">name pruned</msg>
<msg timestamp="20230703 12:31:37.531" level="INFO">glyf pruned</msg>
<msg timestamp="20230703 12:31:37.532" level="INFO">Added gid0 to subset</msg>
<msg timestamp="20230703 12:31:37.532" level="INFO">Added first four glyphs to subset</msg>
<msg timestamp="20230703 12:31:37.533" level="INFO">Closing glyph list over 'glyf': 19 glyphs before</msg>
<msg timestamp="20230703 12:31:37.533" level="INFO">Glyph names: ['.notdef', '.null', 'uni0020', 'uni0030', 'uni0031', 'uni0032', 'uni0033', 'uni0034', 'uni0035', 'uni0036', 'uni0037', 'uni0038', 'uni0039', 'uni0041', 'uni0062', 'uni006E', 'uni007B', 'uni007D', 'uni00C4']</msg>
<msg timestamp="20230703 12:31:37.535" level="INFO">Glyph IDs:   [0, 1, 2, 3, 575, 759, 1294, 1295, 1296, 1298, 1299, 1300, 1302, 1303, 1304, 1305, 1345, 1346, 1681]</msg>
<msg timestamp="20230703 12:31:37.537" level="INFO">Closed glyph list over 'glyf': 19 glyphs after</msg>
<msg timestamp="20230703 12:31:37.538" level="INFO">Glyph names: ['.notdef', '.null', 'uni0020', 'uni0030', 'uni0031', 'uni0032', 'uni0033', 'uni0034', 'uni0035', 'uni0036', 'uni0037', 'uni0038', 'uni0039', 'uni0041', 'uni0062', 'uni006E', 'uni007B', 'uni007D', 'uni00C4']</msg>
<msg timestamp="20230703 12:31:37.539" level="INFO">Glyph IDs:   [0, 1, 2, 3, 575, 759, 1294, 1295, 1296, 1298, 1299, 1300, 1302, 1303, 1304, 1305, 1345, 1346, 1681]</msg>
<msg timestamp="20230703 12:31:37.540" level="INFO">Retaining 19 glyphs</msg>
<msg timestamp="20230703 12:31:37.541" level="INFO">head subsetting not needed</msg>
<msg timestamp="20230703 12:31:37.542" level="INFO">hhea subsetting not needed</msg>
<msg timestamp="20230703 12:31:37.542" level="INFO">maxp subsetting not needed</msg>
<msg timestamp="20230703 12:31:37.543" level="INFO">OS/2 subsetting not needed</msg>
<msg timestamp="20230703 12:31:37.546" level="INFO">hmtx subsetted</msg>
<msg timestamp="20230703 12:31:37.548" level="INFO">cmap subsetted</msg>
<msg timestamp="20230703 12:31:37.549" level="INFO">prep subsetting not needed</msg>
<msg timestamp="20230703 12:31:37.549" level="INFO">loca subsetting not needed</msg>
<msg timestamp="20230703 12:31:37.551" level="INFO">post subsetted</msg>
<msg timestamp="20230703 12:31:37.551" level="INFO">gasp subsetting not needed</msg>
<msg timestamp="20230703 12:31:37.551" level="INFO">STAT subsetting not needed</msg>
<msg timestamp="20230703 12:31:37.552" level="INFO">name subsetting not needed</msg>
<msg timestamp="20230703 12:31:37.555" level="INFO">glyf subsetted</msg>
<msg timestamp="20230703 12:31:37.556" level="INFO">head pruned</msg>
<msg timestamp="20230703 12:31:37.557" level="INFO">OS/2 Unicode ranges pruned: [0]</msg>
<msg timestamp="20230703 12:31:37.558" level="INFO">glyf pruned</msg>
<msg timestamp="20230703 12:31:37.605" level="INFO">maxp pruned</msg>
<msg timestamp="20230703 12:31:37.606" level="INFO">cmap pruned</msg>
<msg timestamp="20230703 12:31:37.606" level="INFO">post pruned</msg>
<msg timestamp="20230703 12:31:37.607" level="INFO">GDEF dropped</msg>
<msg timestamp="20230703 12:31:37.607" level="INFO">GPOS dropped</msg>
<msg timestamp="20230703 12:31:37.608" level="INFO">GSUB dropped</msg>
<msg timestamp="20230703 12:31:37.609" level="INFO">name pruned</msg>
<msg timestamp="20230703 12:31:37.619" level="INFO">glyf pruned</msg>
<msg timestamp="20230703 12:31:37.625" level="INFO">Added gid0 to subset</msg>
<msg timestamp="20230703 12:31:37.626" level="INFO">Added first four glyphs to subset</msg>
<msg timestamp="20230703 12:31:37.627" level="INFO">Closing glyph list over 'glyf': 18 glyphs before</msg>
<msg timestamp="20230703 12:31:37.627" level="INFO">Glyph names: ['.notdef', '.null', 'uni0020', 'uni0030', 'uni0031', 'uni0032', 'uni0033', 'uni0034', 'uni0035', 'uni0036', 'uni0037', 'uni0038', 'uni0039', 'uni0062', 'uni006E', 'uni007B', 'uni007D', 'uni00A0']</msg>
<msg timestamp="20230703 12:31:37.630" level="INFO">Glyph IDs:   [0, 1, 2, 3, 544, 727, 1256, 1257, 1258, 1260, 1261, 1262, 1264, 1265, 1266, 1267, 1307, 1308]</msg>
<msg timestamp="20230703 12:31:37.630" level="INFO">Closed glyph list over 'glyf': 18 glyphs after</msg>
<msg timestamp="20230703 12:31:37.631" level="INFO">Glyph names: ['.notdef', '.null', 'uni0020', 'uni0030', 'uni0031', 'uni0032', 'uni0033', 'uni0034', 'uni0035', 'uni0036', 'uni0037', 'uni0038', 'uni0039', 'uni0062', 'uni006E', 'uni007B', 'uni007D', 'uni00A0']</msg>
<msg timestamp="20230703 12:31:37.632" level="INFO">Glyph IDs:   [0, 1, 2, 3, 544, 727, 1256, 1257, 1258, 1260, 1261, 1262, 1264, 1265, 1266, 1267, 1307, 1308]</msg>
<msg timestamp="20230703 12:31:37.632" level="INFO">Retaining 18 glyphs</msg>
<msg timestamp="20230703 12:31:37.633" level="INFO">head subsetting not needed</msg>
<msg timestamp="20230703 12:31:37.634" level="INFO">hhea subsetting not needed</msg>
<msg timestamp="20230703 12:31:37.634" level="INFO">maxp subsetting not needed</msg>
<msg timestamp="20230703 12:31:37.635" level="INFO">OS/2 subsetting not needed</msg>
<msg timestamp="20230703 12:31:37.638" level="INFO">hmtx subsetted</msg>
<msg timestamp="20230703 12:31:37.639" level="INFO">cmap subsetted</msg>
<msg timestamp="20230703 12:31:37.640" level="INFO">loca subsetting not needed</msg>
<msg timestamp="20230703 12:31:37.640" level="INFO">post subsetted</msg>
<msg timestamp="20230703 12:31:37.641" level="INFO">name subsetting not needed</msg>
<msg timestamp="20230703 12:31:37.643" level="INFO">glyf subsetted</msg>
<msg timestamp="20230703 12:31:37.645" level="INFO">head pruned</msg>
<msg timestamp="20230703 12:31:37.646" level="INFO">OS/2 Unicode ranges pruned: [0]</msg>
<msg timestamp="20230703 12:31:37.648" level="INFO">glyf pruned</msg>
<msg timestamp="20230703 12:31:37.688" level="INFO">maxp pruned</msg>
<msg timestamp="20230703 12:31:37.691" level="INFO">cmap pruned</msg>
<msg timestamp="20230703 12:31:37.691" level="INFO">post pruned</msg>
<msg timestamp="20230703 12:31:37.692" level="INFO">GDEF dropped</msg>
<msg timestamp="20230703 12:31:37.692" level="INFO">GPOS dropped</msg>
<msg timestamp="20230703 12:31:37.693" level="INFO">GSUB dropped</msg>
<msg timestamp="20230703 12:31:37.694" level="INFO">name pruned</msg>
<msg timestamp="20230703 12:31:37.705" level="INFO">glyf pruned</msg>
<msg timestamp="20230703 12:31:37.711" level="INFO">Added gid0 to subset</msg>
<msg timestamp="20230703 12:31:37.711" level="INFO">Added first four glyphs to subset</msg>
<msg timestamp="20230703 12:31:37.712" level="INFO">Closing glyph list over 'glyf': 18 glyphs before</msg>
<msg timestamp="20230703 12:31:37.712" level="INFO">Glyph names: ['.notdef', '.null', 'uni0020', 'uni0030', 'uni0031', 'uni0032', 'uni0033', 'uni0034', 'uni0035', 'uni0036', 'uni0037', 'uni0038', 'uni0039', 'uni0062', 'uni006E', 'uni007B', 'uni007D', 'uni00A0']</msg>
<msg timestamp="20230703 12:31:37.714" level="INFO">Glyph IDs:   [0, 1, 2, 3, 544, 727, 1256, 1257, 1258, 1260, 1261, 1262, 1264, 1265, 1266, 1267, 1307, 1308]</msg>
<msg timestamp="20230703 12:31:37.714" level="INFO">Closed glyph list over 'glyf': 18 glyphs after</msg>
<msg timestamp="20230703 12:31:37.714" level="INFO">Glyph names: ['.notdef', '.null', 'uni0020', 'uni0030', 'uni0031', 'uni0032', 'uni0033', 'uni0034', 'uni0035', 'uni0036', 'uni0037', 'uni0038', 'uni0039', 'uni0062', 'uni006E', 'uni007B', 'uni007D', 'uni00A0']</msg>
<msg timestamp="20230703 12:31:37.715" level="INFO">Glyph IDs:   [0, 1, 2, 3, 544, 727, 1256, 1257, 1258, 1260, 1261, 1262, 1264, 1265, 1266, 1267, 1307, 1308]</msg>
<msg timestamp="20230703 12:31:37.716" level="INFO">Retaining 18 glyphs</msg>
<msg timestamp="20230703 12:31:37.717" level="INFO">head subsetting not needed</msg>
<msg timestamp="20230703 12:31:37.717" level="INFO">hhea subsetting not needed</msg>
<msg timestamp="20230703 12:31:37.718" level="INFO">maxp subsetting not needed</msg>
<msg timestamp="20230703 12:31:37.718" level="INFO">OS/2 subsetting not needed</msg>
<msg timestamp="20230703 12:31:37.723" level="INFO">hmtx subsetted</msg>
<msg timestamp="20230703 12:31:37.725" level="INFO">cmap subsetted</msg>
<msg timestamp="20230703 12:31:37.726" level="INFO">loca subsetting not needed</msg>
<msg timestamp="20230703 12:31:37.726" level="INFO">post subsetted</msg>
<msg timestamp="20230703 12:31:37.726" level="INFO">name subsetting not needed</msg>
<msg timestamp="20230703 12:31:37.728" level="INFO">glyf subsetted</msg>
<msg timestamp="20230703 12:31:37.729" level="INFO">head pruned</msg>
<msg timestamp="20230703 12:31:37.731" level="INFO">OS/2 Unicode ranges pruned: [0]</msg>
<msg timestamp="20230703 12:31:37.732" level="INFO">glyf pruned</msg>
<status status="PASS" starttime="20230703 12:31:37.055" endtime="20230703 12:31:37.767"/>
</kw>
<kw name="Evaluate" library="BuiltIn">
<var>${counter}</var>
<arg>${counter} + 1</arg>
<doc>Evaluates the given expression in Python and returns the result.</doc>
<msg timestamp="20230703 12:31:37.771" level="INFO">${counter} = 2</msg>
<status status="PASS" starttime="20230703 12:31:37.769" endtime="20230703 12:31:37.771"/>
</kw>
<status status="PASS" starttime="20230703 12:31:37.005" endtime="20230703 12:31:37.772"/>
</kw>
<kw name="Click Button When Visible" library="RPA.Browser.Selenium">
<arg>xpath://button[@id='order-another']</arg>
<doc>Click button identified by ``locator``, once it becomes visible.</doc>
<msg timestamp="20230703 12:31:37.799" level="INFO">Clicking button 'xpath://button[@id='order-another']'.</msg>
<status status="PASS" starttime="20230703 12:31:37.773" endtime="20230703 12:31:37.929"/>
</kw>
<kw name="Sleep" library="BuiltIn">
<arg>1s</arg>
<doc>Pauses the test executed for the given time.</doc>
<msg timestamp="20230703 12:31:38.938" level="INFO">Slept 1 second</msg>
<status status="PASS" starttime="20230703 12:31:37.930" endtime="20230703 12:31:38.939"/>
</kw>
<kw name="Close annoying modal">
<kw name="Click Button" library="RPA.Browser.Selenium">
<arg>OK</arg>
<doc>Clicks the button identified by ``locator``.</doc>
<msg timestamp="20230703 12:31:38.943" level="INFO">Clicking button 'OK'.</msg>
<status status="PASS" starttime="20230703 12:31:38.942" endtime="20230703 12:31:39.018"/>
</kw>
<status status="PASS" starttime="20230703 12:31:38.940" endtime="20230703 12:31:39.019"/>
</kw>
<status status="PASS" starttime="20230703 12:31:35.308" endtime="20230703 12:31:39.019"/>
</kw>
<status status="PASS" starttime="20230703 12:31:35.308" endtime="20230703 12:31:39.020"/>
</iter>
<status status="PASS" starttime="20230703 12:30:23.123" endtime="20230703 12:31:39.021"/>
</for>
<status status="PASS" starttime="20230703 12:30:23.121" endtime="20230703 12:31:39.021"/>
</kw>
<kw name="Closingsession" type="TEARDOWN">
<kw name="Close Browser" library="RPA.Browser.Selenium">
<doc>Closes the current browser.</doc>
<status status="PASS" starttime="20230703 12:31:39.025" endtime="20230703 12:31:41.165"/>
</kw>
<status status="PASS" starttime="20230703 12:31:39.023" endtime="20230703 12:31:41.166"/>
</kw>
<status status="PASS" starttime="20230703 12:30:18.499" endtime="20230703 12:31:41.168"/>
</test>
<doc>Template robot main suite.</doc>
<status status="PASS" starttime="20230703 12:30:14.186" endtime="20230703 12:31:41.173"/>
</suite>
<statistics>
<total>
<stat pass="2" fail="0" skip="0">All Tasks</stat>
</total>
<tag>
</tag>
<suite>
<stat pass="2" fail="0" skip="0" id="s1" name="Tasks">Tasks</stat>
</suite>
</statistics>
<errors>
<msg timestamp="20230703 12:30:18.419" level="WARN">Environment variable `RC_JAVA_ACCESS_BRIDGE_DLL` needs to be set to absolute path of `WindowsAccessBridge-64.dll`</msg>
</errors>
</robot>
